REJECT-13.00-28|REVIEW-12.00-27|ACCEPT-74.00-157:TOTAL-212
REJECT-12.00-27|REVIEW-11.00-25|ACCEPT-74.00-156:TOTAL-209
REJECT-12.00-26|REVIEW-13.00-27|ACCEPT-73.00-150:TOTAL-203
REJECT-12.00-24|REVIEW-13.00-26|ACCEPT-73.00-143:TOTAL-194
REJECT-12.00-21|REVIEW-15.00-26|ACCEPT-72.00-125:TOTAL-172
REJECT-13.00-25|REVIEW-15.00-29|ACCEPT-70.00-129:TOTAL-183
REJECT-16.00-29|REVIEW-16.00-29|ACCEPT-67.00-122:TOTAL-180
REJECT-18.00-32|REVIEW-17.00-30|ACCEPT-64.00-112:TOTAL-174
REJECT-22.00-40|REVIEW-15.00-28|ACCEPT-62.00-113:TOTAL-181
REJECT-16.00-29|REVIEW-17.00-30|ACCEPT-65.00-113:TOTAL-172
REJECT-14.00-34|REVIEW-14.00-34|ACCEPT-69.00-158:TOTAL-228
REJECT-17.00-36|REVIEW-18.00-39|ACCEPT-63.00-130:TOTAL-206
REJECT-13.00-28|REVIEW-10.00-21|ACCEPT-76.00-160:TOTAL-210
REJECT-12.00-18|REVIEW-10.00-16|ACCEPT-76.00-114:TOTAL-149
REJECT-18.00-26|REVIEW-12.00-18|ACCEPT-69.00-98:TOTAL-142
REJECT-14.00-21|REVIEW-12.00-18|ACCEPT-72.00-107:TOTAL-147
REJECT-13.00-20|REVIEW-13.00-19|ACCEPT-73.00-106:TOTAL-145
REJECT-22.00-34|REVIEW-8.00-13|ACCEPT-68.00-104:TOTAL-151
REJECT-24.00-18|REVIEW-9.00-7|ACCEPT-66.00-49:TOTAL-74
REJECT-25.00-7|REVIEW-14.00-4|ACCEPT-57.00-16:TOTAL-28
REJECT-35.00-6|REVIEW-11.00-2|ACCEPT-52.00-9:TOTAL-17
REJECT-66.00-2|REVIEW-0-0|ACCEPT-33.00-1:TOTAL-3
REJECT-0-0|REVIEW-0-0|ACCEPT-100.00-4:TOTAL-4
REJECT-25.00-2|REVIEW-12.00-1|ACCEPT-62.00-5:TOTAL-8
REJECT-20.00-2|REVIEW-0-0|ACCEPT-80.00-8:TOTAL-10
REJECT-26.00-5|REVIEW-21.00-4|ACCEPT-52.00-10:TOTAL-19
REJECT-20.00-9|REVIEW-17.00-8|ACCEPT-62.00-28:TOTAL-45
REJECT-7.00-7|REVIEW-14.00-14|ACCEPT-78.00-75:TOTAL-96
REJECT-11.00-22|REVIEW-12.00-23|ACCEPT-75.00-139:TOTAL-184
REJECT-18.00-41|REVIEW-15.00-35|ACCEPT-65.00-149:TOTAL-226
REJECT-14.00-32|REVIEW-14.00-31|ACCEPT-71.00-155:TOTAL-218
REJECT-13.00-26|REVIEW-14.00-29|ACCEPT-71.00-141:TOTAL-197
REJECT-19.00-39|REVIEW-9.00-20|ACCEPT-70.00-144:TOTAL-203
REJECT-19.00-35|REVIEW-12.00-23|ACCEPT-68.00-126:TOTAL-184
REJECT-15.00-36|REVIEW-15.00-35|ACCEPT-68.00-157:TOTAL-228
REJECT-19.00-46|REVIEW-11.00-27|ACCEPT-68.00-159:TOTAL-232
REJECT-15.00-27|REVIEW-13.00-24|ACCEPT-71.00-128:TOTAL-179
REJECT-14.00-24|REVIEW-10.00-18|ACCEPT-74.00-124:TOTAL-166
REJECT-14.00-21|REVIEW-9.00-14|ACCEPT-76.00-112:TOTAL-147
REJECT-15.00-21|REVIEW-8.00-11|ACCEPT-76.00-104:TOTAL-136
REJECT-16.00-24|REVIEW-13.00-19|ACCEPT-70.00-103:TOTAL-146
REJECT-19.00-22|REVIEW-13.00-15|ACCEPT-67.00-76:TOTAL-113
REJECT-24.00-13|REVIEW-16.00-9|ACCEPT-58.00-31:TOTAL-53
REJECT-13.00-3|REVIEW-9.00-2|ACCEPT-77.00-17:TOTAL-22
REJECT-60.00-6|REVIEW-0-0|ACCEPT-40.00-4:TOTAL-10
REJECT-0-0|REVIEW-33.00-1|ACCEPT-66.00-2:TOTAL-3
REJECT-0-0|REVIEW-0-0|ACCEPT-100.00-2:TOTAL-2
REJECT-0-0|REVIEW-33.00-1|ACCEPT-66.00-2:TOTAL-3
REJECT-0-0|REVIEW-0-0|ACCEPT-100.00-7:TOTAL-7
REJECT-25.00-2|REVIEW-12.00-1|ACCEPT-62.00-5:TOTAL-8
REJECT-25.00-11|REVIEW-6.00-3|ACCEPT-67.00-29:TOTAL-43
REJECT-31.00-31|REVIEW-13.00-13|ACCEPT-54.00-54:TOTAL-99
REJECT-18.00-33|REVIEW-9.00-16|ACCEPT-71.00-127:TOTAL-177
REJECT-18.00-34|REVIEW-8.00-16|ACCEPT-73.00-138:TOTAL-188
REJECT-17.00-40|REVIEW-7.00-17|ACCEPT-75.00-172:TOTAL-229
REJECT-9.00-19|REVIEW-9.00-18|ACCEPT-80.00-155:TOTAL-192
REJECT-17.00-32|REVIEW-10.00-19|ACCEPT-71.00-128:TOTAL-179
REJECT-23.00-53|REVIEW-8.00-19|ACCEPT-68.00-153:TOTAL-225
REJECT-19.00-41|REVIEW-10.00-22|ACCEPT-70.00-148:TOTAL-211
REJECT-19.00-33|REVIEW-8.00-14|ACCEPT-72.00-121:TOTAL-168
REJECT-14.00-24|REVIEW-11.00-20|ACCEPT-73.00-125:TOTAL-169
REJECT-23.00-44|REVIEW-7.00-14|ACCEPT-68.00-126:TOTAL-184
REJECT-10.00-13|REVIEW-9.00-12|ACCEPT-79.00-99:TOTAL-124
REJECT-12.00-16|REVIEW-9.00-12|ACCEPT-77.00-99:TOTAL-127
REJECT-11.00-16|REVIEW-6.00-9|ACCEPT-81.00-111:TOTAL-137
REJECT-18.00-25|REVIEW-7.00-10|ACCEPT-73.00-102:TOTAL-138
REJECT-23.00-17|REVIEW-12.00-9|ACCEPT-63.00-45:TOTAL-71
REJECT-14.00-4|REVIEW-11.00-3|ACCEPT-74.00-20:TOTAL-27
REJECT-15.00-2|REVIEW-0-0|ACCEPT-84.00-11:TOTAL-13
REJECT-8.00-1|REVIEW-25.00-3|ACCEPT-66.00-8:TOTAL-12
REJECT-0-0|REVIEW-16.00-1|ACCEPT-83.00-5:TOTAL-6
REJECT-0-0|REVIEW-0-0|ACCEPT-100.00-4:TOTAL-4
REJECT-46.00-6|REVIEW-0-0|ACCEPT-46.00-6:TOTAL-13
REJECT-0-0|REVIEW-8.00-1|ACCEPT-91.00-11:TOTAL-12
REJECT-27.00-14|REVIEW-11.00-6|ACCEPT-60.00-31:TOTAL-51
REJECT-22.00-23|REVIEW-15.00-16|ACCEPT-61.00-63:TOTAL-103
REJECT-21.00-31|REVIEW-8.00-13|ACCEPT-69.00-102:TOTAL-147
REJECT-21.00-42|REVIEW-10.00-21|ACCEPT-68.00-136:TOTAL-199
REJECT-11.00-19|REVIEW-10.00-18|ACCEPT-78.00-133:TOTAL-170
REJECT-16.00-36|REVIEW-8.00-20|ACCEPT-74.00-167:TOTAL-223
REJECT-18.00-29|REVIEW-12.00-19|ACCEPT-68.00-105:TOTAL-154
REJECT-8.00-14|REVIEW-15.00-24|ACCEPT-75.00-119:TOTAL-157
REJECT-19.00-35|REVIEW-8.00-16|ACCEPT-71.00-130:TOTAL-181
REJECT-19.00-40|REVIEW-8.00-17|ACCEPT-72.00-148:TOTAL-205
REJECT-17.00-31|REVIEW-10.00-19|ACCEPT-71.00-130:TOTAL-182
REJECT-15.00-25|REVIEW-13.00-22|ACCEPT-70.00-117:TOTAL-165
REJECT-11.00-19|REVIEW-12.00-20|ACCEPT-75.00-123:TOTAL-163
REJECT-6.00-11|REVIEW-13.00-22|ACCEPT-79.00-131:TOTAL-165
REJECT-5.00-9|REVIEW-12.00-20|ACCEPT-81.00-126:TOTAL-155
REJECT-10.00-15|REVIEW-19.00-29|ACCEPT-69.00-104:TOTAL-149
REJECT-14.00-22|REVIEW-14.00-23|ACCEPT-70.00-109:TOTAL-155
REJECT-17.00-26|REVIEW-14.00-21|ACCEPT-68.00-101:TOTAL-148
REJECT-17.00-28|REVIEW-6.00-11|ACCEPT-74.00-118:TOTAL-158
REJECT-17.00-25|REVIEW-8.00-13|ACCEPT-73.00-107:TOTAL-145
REJECT-16.00-24|REVIEW-6.00-10|ACCEPT-77.00-115:TOTAL-149
REJECT-13.00-18|REVIEW-8.00-11|ACCEPT-78.00-103:TOTAL-132
REJECT-12.00-15|REVIEW-8.00-10|ACCEPT-79.00-99:TOTAL-124
REJECT-10.00-12|REVIEW-9.00-11|ACCEPT-79.00-90:TOTAL-113
REJECT-10.00-13|REVIEW-10.00-12|ACCEPT-78.00-93:TOTAL-119
REJECT-14.00-19|REVIEW-10.00-14|ACCEPT-74.00-98:TOTAL-132
REJECT-17.00-25|REVIEW-12.00-18|ACCEPT-69.00-100:TOTAL-144
REJECT-19.00-26|REVIEW-14.00-20|ACCEPT-65.00-88:TOTAL-134
REJECT-17.00-21|REVIEW-18.00-22|ACCEPT-63.00-74:TOTAL-117
REJECT-12.00-12|REVIEW-20.00-20|ACCEPT-68.00-68:TOTAL-100
REJECT-10.00-9|REVIEW-20.00-18|ACCEPT-68.00-60:TOTAL-87
REJECT-10.00-8|REVIEW-14.00-11|ACCEPT-73.00-56:TOTAL-76
REJECT-15.00-12|REVIEW-12.00-10|ACCEPT-70.00-55:TOTAL-78
REJECT-21.00-19|REVIEW-6.00-6|ACCEPT-72.00-65:TOTAL-90
REJECT-21.00-20|REVIEW-7.00-7|ACCEPT-69.00-63:TOTAL-91
REJECT-25.00-24|REVIEW-6.00-6|ACCEPT-67.00-63:TOTAL-94
REJECT-21.00-18|REVIEW-8.00-7|ACCEPT-68.00-56:TOTAL-82
REJECT-21.00-18|REVIEW-9.00-8|ACCEPT-68.00-57:TOTAL-83
REJECT-21.00-15|REVIEW-5.00-4|ACCEPT-72.00-51:TOTAL-70
REJECT-23.00-20|REVIEW-9.00-8|ACCEPT-66.00-56:TOTAL-84
REJECT-22.00-20|REVIEW-8.00-8|ACCEPT-68.00-61:TOTAL-89
REJECT-17.00-17|REVIEW-11.00-11|ACCEPT-72.00-72:TOTAL-100
REJECT-12.00-11|REVIEW-10.00-9|ACCEPT-77.00-69:TOTAL-89
REJECT-14.00-11|REVIEW-8.00-7|ACCEPT-76.00-60:TOTAL-78
REJECT-18.00-11|REVIEW-9.00-6|ACCEPT-72.00-44:TOTAL-61
REJECT-24.00-13|REVIEW-7.00-4|ACCEPT-68.00-37:TOTAL-54
REJECT-16.00-8|REVIEW-10.00-5|ACCEPT-73.00-36:TOTAL-49
REJECT-12.00-6|REVIEW-8.00-4|ACCEPT-80.00-40:TOTAL-50
REJECT-7.00-3|REVIEW-15.00-6|ACCEPT-76.00-30:TOTAL-39
REJECT-5.00-2|REVIEW-11.00-4|ACCEPT-82.00-28:TOTAL-34
REJECT-12.00-4|REVIEW-9.00-3|ACCEPT-78.00-26:TOTAL-33
REJECT-13.00-6|REVIEW-4.00-2|ACCEPT-81.00-35:TOTAL-43
REJECT-16.00-6|REVIEW-8.00-3|ACCEPT-75.00-28:TOTAL-37
REJECT-8.00-2|REVIEW-12.00-3|ACCEPT-79.00-19:TOTAL-24
REJECT-0-0|REVIEW-16.00-2|ACCEPT-83.00-10:TOTAL-12
REJECT-7.00-1|REVIEW-7.00-1|ACCEPT-84.00-11:TOTAL-13
REJECT-18.00-2|REVIEW-9.00-1|ACCEPT-72.00-8:TOTAL-11
REJECT-30.00-3|REVIEW-0-0|ACCEPT-70.00-7:TOTAL-10
REJECT-28.00-2|REVIEW-0-0|ACCEPT-57.00-4:TOTAL-7
REJECT-16.00-2|REVIEW-0-0|ACCEPT-75.00-9:TOTAL-12
REJECT-22.00-2|REVIEW-0-0|ACCEPT-66.00-6:TOTAL-9
REJECT-16.00-2|REVIEW-8.00-1|ACCEPT-75.00-9:TOTAL-12
REJECT-11.00-1|REVIEW-11.00-1|ACCEPT-77.00-7:TOTAL-9
REJECT-0-0|REVIEW-12.00-1|ACCEPT-87.00-7:TOTAL-8
REJECT-0-0|REVIEW-0-0|ACCEPT-100.00-6:TOTAL-6
REJECT-33.00-1|REVIEW-0-0|ACCEPT-66.00-2:TOTAL-3
REJECT-22.00-2|REVIEW-11.00-1|ACCEPT-66.00-6:TOTAL-9
REJECT-33.00-3|REVIEW-11.00-1|ACCEPT-55.00-5:TOTAL-9
REJECT-25.00-2|REVIEW-12.00-1|ACCEPT-62.00-5:TOTAL-8
REJECT-25.00-1|REVIEW-0-0|ACCEPT-50.00-2:TOTAL-4
REJECT-0-0|REVIEW-0-0|ACCEPT-100.00-2:TOTAL-2
REJECT-0-0|REVIEW-0-0|ACCEPT-100.00-4:TOTAL-4
REJECT-20.00-1|REVIEW-0-0|ACCEPT-80.00-4:TOTAL-5
REJECT-50.00-3|REVIEW-0-0|ACCEPT-50.00-3:TOTAL-6
REJECT-60.00-3|REVIEW-0-0|ACCEPT-40.00-2:TOTAL-5
REJECT-60.00-3|REVIEW-0-0|ACCEPT-40.00-2:TOTAL-5
REJECT-25.00-1|REVIEW-0-0|ACCEPT-75.00-3:TOTAL-4
REJECT-20.00-1|REVIEW-0-0|ACCEPT-80.00-4:TOTAL-5
REJECT-0-0|REVIEW-0-0|ACCEPT-100.00-4:TOTAL-4
REJECT-0-0|REVIEW-0-0|ACCEPT-100.00-4:TOTAL-4
REJECT-0-0|REVIEW-0-0|ACCEPT-100.00-3:TOTAL-3
REJECT-0-0|REVIEW-0-0|ACCEPT-100.00-3:TOTAL-3
REJECT-0-0|REVIEW-0-0|ACCEPT-100.00-4:TOTAL-4
REJECT-0-0|REVIEW-12.00-1|ACCEPT-75.00-6:TOTAL-8
REJECT-0-0|REVIEW-22.00-2|ACCEPT-66.00-6:TOTAL-9
REJECT-0-0|REVIEW-30.00-3|ACCEPT-60.00-6:TOTAL-10
REJECT-0-0|REVIEW-33.00-2|ACCEPT-66.00-4:TOTAL-6
REJECT-0-0|REVIEW-25.00-1|ACCEPT-75.00-3:TOTAL-4
REJECT-0-0|REVIEW-28.00-2|ACCEPT-71.00-5:TOTAL-7
REJECT-7.00-1|REVIEW-23.00-3|ACCEPT-69.00-9:TOTAL-13
REJECT-13.00-2|REVIEW-20.00-3|ACCEPT-66.00-10:TOTAL-15
REJECT-33.00-4|REVIEW-8.00-1|ACCEPT-58.00-7:TOTAL-12
REJECT-50.00-6|REVIEW-16.00-2|ACCEPT-33.00-4:TOTAL-12
REJECT-30.00-7|REVIEW-13.00-3|ACCEPT-56.00-13:TOTAL-23
REJECT-35.00-10|REVIEW-10.00-3|ACCEPT-53.00-15:TOTAL-28
REJECT-27.00-10|REVIEW-11.00-4|ACCEPT-61.00-22:TOTAL-36
REJECT-28.00-11|REVIEW-15.00-6|ACCEPT-52.00-20:TOTAL-38
REJECT-15.00-6|REVIEW-20.00-8|ACCEPT-64.00-25:TOTAL-39
REJECT-20.00-7|REVIEW-17.00-6|ACCEPT-58.00-20:TOTAL-34
REJECT-19.00-6|REVIEW-12.00-4|ACCEPT-67.00-21:TOTAL-31
REJECT-20.00-9|REVIEW-11.00-5|ACCEPT-65.00-28:TOTAL-43
REJECT-19.00-11|REVIEW-14.00-8|ACCEPT-66.00-38:TOTAL-57
REJECT-19.00-13|REVIEW-19.00-13|ACCEPT-60.00-40:TOTAL-66
REJECT-23.00-16|REVIEW-14.00-10|ACCEPT-61.00-42:TOTAL-68
REJECT-14.00-11|REVIEW-16.00-12|ACCEPT-68.00-51:TOTAL-75
REJECT-17.00-16|REVIEW-13.00-12|ACCEPT-69.00-63:TOTAL-91
REJECT-18.00-20|REVIEW-15.00-17|ACCEPT-64.00-70:TOTAL-108
REJECT-24.00-27|REVIEW-10.00-12|ACCEPT-64.00-72:TOTAL-112
REJECT-23.00-24|REVIEW-10.00-11|ACCEPT-65.00-68:TOTAL-104
REJECT-20.00-20|REVIEW-9.00-9|ACCEPT-70.00-70:TOTAL-100
REJECT-16.00-17|REVIEW-9.00-10|ACCEPT-73.00-74:TOTAL-101
REJECT-19.00-21|REVIEW-8.00-9|ACCEPT-72.00-78:TOTAL-108
REJECT-25.00-27|REVIEW-11.00-12|ACCEPT-62.00-68:TOTAL-108
REJECT-27.00-29|REVIEW-12.00-13|ACCEPT-57.00-61:TOTAL-107
REJECT-21.00-29|REVIEW-14.00-20|ACCEPT-61.00-83:TOTAL-136
REJECT-16.00-24|REVIEW-12.00-18|ACCEPT-68.00-99:TOTAL-145
REJECT-16.00-25|REVIEW-13.00-20|ACCEPT-69.00-105:TOTAL-151
REJECT-16.00-21|REVIEW-9.00-12|ACCEPT-74.00-94:TOTAL-127
REJECT-16.00-19|REVIEW-8.00-10|ACCEPT-74.00-84:TOTAL-113
REJECT-14.00-17|REVIEW-7.00-9|ACCEPT-75.00-88:TOTAL-117
REJECT-18.00-21|REVIEW-9.00-11|ACCEPT-69.00-79:TOTAL-113
REJECT-15.00-23|REVIEW-11.00-17|ACCEPT-70.00-101:TOTAL-144
REJECT-16.00-24|REVIEW-12.00-19|ACCEPT-71.00-106:TOTAL-149
REJECT-15.00-25|REVIEW-13.00-23|ACCEPT-71.00-118:TOTAL-166
REJECT-20.00-32|REVIEW-12.00-19|ACCEPT-64.00-100:TOTAL-154
REJECT-18.00-27|REVIEW-12.00-18|ACCEPT-67.00-100:TOTAL-148
REJECT-16.00-25|REVIEW-12.00-19|ACCEPT-69.00-106:TOTAL-153
REJECT-9.00-15|REVIEW-12.00-20|ACCEPT-76.00-119:TOTAL-155
REJECT-11.00-19|REVIEW-10.00-18|ACCEPT-78.00-134:TOTAL-171
REJECT-12.00-19|REVIEW-8.00-13|ACCEPT-79.00-123:TOTAL-155
REJECT-18.00-30|REVIEW-6.00-10|ACCEPT-75.00-125:TOTAL-165
REJECT-19.00-29|REVIEW-8.00-12|ACCEPT-72.00-108:TOTAL-150
REJECT-18.00-29|REVIEW-8.00-14|ACCEPT-71.00-112:TOTAL-157
REJECT-13.00-19|REVIEW-10.00-15|ACCEPT-74.00-104:TOTAL-139
REJECT-16.00-22|REVIEW-12.00-17|ACCEPT-71.00-96:TOTAL-135
REJECT-18.00-21|REVIEW-9.00-11|ACCEPT-72.00-84:TOTAL-116
REJECT-22.00-22|REVIEW-12.00-12|ACCEPT-65.00-64:TOTAL-98
REJECT-18.00-19|REVIEW-11.00-12|ACCEPT-70.00-73:TOTAL-104
REJECT-18.00-21|REVIEW-13.00-15|ACCEPT-68.00-79:TOTAL-115
REJECT-16.00-20|REVIEW-10.00-13|ACCEPT-72.00-87:TOTAL-120
REJECT-19.00-20|REVIEW-6.00-7|ACCEPT-73.00-74:TOTAL-101
REJECT-13.00-12|REVIEW-3.00-3|ACCEPT-82.00-71:TOTAL-86
REJECT-12.00-11|REVIEW-3.00-3|ACCEPT-83.00-72:TOTAL-86
REJECT-7.00-6|REVIEW-3.00-3|ACCEPT-88.00-68:TOTAL-77
REJECT-16.00-12|REVIEW-6.00-5|ACCEPT-76.00-56:TOTAL-73
REJECT-18.00-15|REVIEW-10.00-8|ACCEPT-70.00-56:TOTAL-79
REJECT-21.00-20|REVIEW-11.00-11|ACCEPT-67.00-63:TOTAL-94
REJECT-13.00-14|REVIEW-10.00-11|ACCEPT-75.00-76:TOTAL-101
REJECT-12.00-13|REVIEW-9.00-10|ACCEPT-76.00-78:TOTAL-102
REJECT-11.00-12|REVIEW-7.00-8|ACCEPT-80.00-81:TOTAL-101
REJECT-13.00-15|REVIEW-9.00-10|ACCEPT-76.00-83:TOTAL-108
REJECT-13.00-13|REVIEW-9.00-9|ACCEPT-77.00-77:TOTAL-99
REJECT-12.00-11|REVIEW-10.00-9|ACCEPT-76.00-65:TOTAL-85
REJECT-16.00-13|REVIEW-9.00-8|ACCEPT-72.00-59:TOTAL-81
REJECT-19.00-15|REVIEW-8.00-7|ACCEPT-71.00-56:TOTAL-78
REJECT-24.00-22|REVIEW-10.00-9|ACCEPT-64.00-57:TOTAL-89
REJECT-26.00-25|REVIEW-7.00-7|ACCEPT-63.00-60:TOTAL-94
REJECT-26.00-25|REVIEW-7.00-7|ACCEPT-65.00-63:TOTAL-96
REJECT-23.00-21|REVIEW-4.00-4|ACCEPT-72.00-65:TOTAL-90
REJECT-17.00-13|REVIEW-4.00-3|ACCEPT-78.00-58:TOTAL-74
REJECT-11.00-8|REVIEW-4.00-3|ACCEPT-84.00-60:TOTAL-71
REJECT-7.00-6|REVIEW-7.00-6|ACCEPT-84.00-67:TOTAL-79
REJECT-8.00-7|REVIEW-10.00-9|ACCEPT-80.00-67:TOTAL-83
REJECT-9.00-8|REVIEW-14.00-12|ACCEPT-75.00-62:TOTAL-82
REJECT-11.00-9|REVIEW-14.00-12|ACCEPT-74.00-60:TOTAL-81
REJECT-14.00-11|REVIEW-12.00-10|ACCEPT-73.00-57:TOTAL-78
REJECT-14.00-13|REVIEW-8.00-7|ACCEPT-74.00-65:TOTAL-87
REJECT-16.00-16|REVIEW-5.00-5|ACCEPT-72.00-69:TOTAL-95
REJECT-18.00-17|REVIEW-4.00-4|ACCEPT-71.00-66:TOTAL-92
REJECT-20.00-19|REVIEW-4.00-4|ACCEPT-71.00-67:TOTAL-94
REJECT-20.00-17|REVIEW-4.00-4|ACCEPT-75.00-63:TOTAL-84
REJECT-15.00-14|REVIEW-6.00-6|ACCEPT-77.00-68:TOTAL-88
REJECT-12.00-10|REVIEW-5.00-4|ACCEPT-80.00-62:TOTAL-77
REJECT-10.00-7|REVIEW-2.00-2|ACCEPT-86.00-60:TOTAL-69
REJECT-13.00-9|REVIEW-1.00-1|ACCEPT-85.00-58:TOTAL-68
REJECT-15.00-11|REVIEW-5.00-4|ACCEPT-76.00-53:TOTAL-69
REJECT-17.00-12|REVIEW-13.00-9|ACCEPT-69.00-48:TOTAL-69
REJECT-14.00-9|REVIEW-14.00-9|ACCEPT-71.00-45:TOTAL-63
REJECT-13.00-9|REVIEW-15.00-10|ACCEPT-70.00-46:TOTAL-65
REJECT-17.00-13|REVIEW-9.00-7|ACCEPT-72.00-54:TOTAL-75
REJECT-16.00-13|REVIEW-10.00-8|ACCEPT-72.00-57:TOTAL-79
REJECT-15.00-13|REVIEW-5.00-5|ACCEPT-77.00-65:TOTAL-84
REJECT-16.00-14|REVIEW-4.00-4|ACCEPT-78.00-65:TOTAL-83
REJECT-17.00-16|REVIEW-4.00-4|ACCEPT-77.00-69:TOTAL-89
REJECT-19.00-19|REVIEW-9.00-9|ACCEPT-72.00-72:TOTAL-100
REJECT-22.00-21|REVIEW-11.00-11|ACCEPT-65.00-60:TOTAL-92
REJECT-23.00-21|REVIEW-11.00-10|ACCEPT-64.00-58:TOTAL-90
REJECT-24.00-19|REVIEW-7.00-6|ACCEPT-66.00-51:TOTAL-77
REJECT-16.00-11|REVIEW-8.00-6|ACCEPT-75.00-51:TOTAL-68
REJECT-17.00-11|REVIEW-8.00-5|ACCEPT-74.00-46:TOTAL-62
REJECT-16.00-8|REVIEW-8.00-4|ACCEPT-75.00-36:TOTAL-48
REJECT-20.00-9|REVIEW-4.00-2|ACCEPT-74.00-32:TOTAL-43
REJECT-25.00-9|REVIEW-8.00-3|ACCEPT-65.00-23:TOTAL-35
REJECT-35.00-13|REVIEW-5.00-2|ACCEPT-59.00-22:TOTAL-37
REJECT-44.00-16|REVIEW-2.00-1|ACCEPT-52.00-19:TOTAL-36
REJECT-41.00-15|REVIEW-0-0|ACCEPT-58.00-21:TOTAL-36
REJECT-30.00-9|REVIEW-3.00-1|ACCEPT-66.00-20:TOTAL-30
REJECT-24.00-6|REVIEW-4.00-1|ACCEPT-72.00-18:TOTAL-25
REJECT-17.00-4|REVIEW-4.00-1|ACCEPT-78.00-18:TOTAL-23
REJECT-18.00-4|REVIEW-4.00-1|ACCEPT-77.00-17:TOTAL-22
REJECT-23.00-5|REVIEW-4.00-1|ACCEPT-71.00-15:TOTAL-21
REJECT-28.00-6|REVIEW-4.00-1|ACCEPT-66.00-14:TOTAL-21
REJECT-35.00-5|REVIEW-0-0|ACCEPT-64.00-9:TOTAL-14
REJECT-18.00-3|REVIEW-0-0|ACCEPT-75.00-12:TOTAL-16
REJECT-10.00-1|REVIEW-10.00-1|ACCEPT-70.00-7:TOTAL-10
REJECT-13.00-2|REVIEW-6.00-1|ACCEPT-73.00-11:TOTAL-15
REJECT-15.00-2|REVIEW-15.00-2|ACCEPT-69.00-9:TOTAL-13
REJECT-15.00-2|REVIEW-7.00-1|ACCEPT-76.00-10:TOTAL-13
REJECT-12.00-1|REVIEW-12.00-1|ACCEPT-75.00-6:TOTAL-8
REJECT-25.00-1|REVIEW-0-0|ACCEPT-75.00-3:TOTAL-4
REJECT-66.00-4|REVIEW-0-0|ACCEPT-33.00-2:TOTAL-6
REJECT-50.00-4|REVIEW-25.00-2|ACCEPT-25.00-2:TOTAL-8
REJECT-37.00-3|REVIEW-25.00-2|ACCEPT-37.00-3:TOTAL-8
REJECT-0-0|REVIEW-60.00-3|ACCEPT-40.00-2:TOTAL-5
REJECT-0-0|REVIEW-25.00-1|ACCEPT-75.00-3:TOTAL-4
REJECT-0-0|REVIEW-25.00-1|ACCEPT-75.00-3:TOTAL-4
REJECT-0-0|REVIEW-16.00-1|ACCEPT-83.00-5:TOTAL-6
REJECT-0-0|REVIEW-20.00-1|ACCEPT-80.00-4:TOTAL-5
REJECT-0-0|REVIEW-25.00-1|ACCEPT-75.00-3:TOTAL-4
REJECT--0|REVIEW--0|ACCEPT--0:TOTAL-
REJECT--0|REVIEW--0|ACCEPT--0:TOTAL-
REJECT-0-0|REVIEW-100.00-1|ACCEPT-0-0:TOTAL-1
REJECT-0-0|REVIEW-50.00-1|ACCEPT-50.00-1:TOTAL-2
REJECT-0-0|REVIEW-50.00-1|ACCEPT-50.00-1:TOTAL-2
REJECT-50.00-1|REVIEW-0-0|ACCEPT-50.00-1:TOTAL-2
REJECT-50.00-1|REVIEW-0-0|ACCEPT-50.00-1:TOTAL-2
REJECT-25.00-1|REVIEW-0-0|ACCEPT-75.00-3:TOTAL-4
REJECT-0-0|REVIEW-0-0|ACCEPT-100.00-4:TOTAL-4
REJECT-12.00-1|REVIEW-12.00-1|ACCEPT-62.00-5:TOTAL-8
REJECT-16.00-1|REVIEW-16.00-1|ACCEPT-50.00-3:TOTAL-6
REJECT-12.00-1|REVIEW-12.00-1|ACCEPT-62.00-5:TOTAL-8
REJECT-20.00-1|REVIEW-0-0|ACCEPT-80.00-4:TOTAL-5
REJECT-14.00-1|REVIEW-0-0|ACCEPT-85.00-6:TOTAL-7
REJECT-20.00-1|REVIEW-0-0|ACCEPT-80.00-4:TOTAL-5
REJECT-0-0|REVIEW-0-0|ACCEPT-100.00-5:TOTAL-5
REJECT-16.00-1|REVIEW-0-0|ACCEPT-83.00-5:TOTAL-6
REJECT-33.00-4|REVIEW-0-0|ACCEPT-66.00-8:TOTAL-12
REJECT-46.00-6|REVIEW-0-0|ACCEPT-53.00-7:TOTAL-13
REJECT-41.00-5|REVIEW-0-0|ACCEPT-58.00-7:TOTAL-12
REJECT-40.00-2|REVIEW-0-0|ACCEPT-60.00-3:TOTAL-5
REJECT-0-0|REVIEW-40.00-2|ACCEPT-60.00-3:TOTAL-5
REJECT-15.00-2|REVIEW-15.00-2|ACCEPT-69.00-9:TOTAL-13
REJECT-12.00-3|REVIEW-20.00-5|ACCEPT-68.00-17:TOTAL-25
REJECT-16.00-5|REVIEW-9.00-3|ACCEPT-74.00-23:TOTAL-31
REJECT-15.00-5|REVIEW-12.00-4|ACCEPT-71.00-23:TOTAL-32
REJECT-22.00-8|REVIEW-13.00-5|ACCEPT-63.00-23:TOTAL-36
REJECT-16.00-8|REVIEW-18.00-9|ACCEPT-64.00-31:TOTAL-48
REJECT-20.00-11|REVIEW-16.00-9|ACCEPT-63.00-35:TOTAL-55
REJECT-20.00-12|REVIEW-11.00-7|ACCEPT-67.00-40:TOTAL-59
REJECT-33.00-20|REVIEW-11.00-7|ACCEPT-54.00-32:TOTAL-59
REJECT-34.00-24|REVIEW-14.00-10|ACCEPT-50.00-35:TOTAL-69
REJECT-31.00-23|REVIEW-15.00-11|ACCEPT-52.00-38:TOTAL-72
REJECT-21.00-16|REVIEW-13.00-10|ACCEPT-63.00-46:TOTAL-73
REJECT-14.00-10|REVIEW-12.00-9|ACCEPT-70.00-50:TOTAL-71
REJECT-9.00-7|REVIEW-12.00-9|ACCEPT-77.00-57:TOTAL-74
REJECT-8.00-7|REVIEW-15.00-12|ACCEPT-75.00-59:TOTAL-78
REJECT-12.00-9|REVIEW-15.00-11|ACCEPT-71.00-51:TOTAL-71
REJECT-14.00-10|REVIEW-14.00-10|ACCEPT-71.00-51:TOTAL-71
REJECT-18.00-14|REVIEW-9.00-7|ACCEPT-72.00-54:TOTAL-75
REJECT-16.00-13|REVIEW-11.00-9|ACCEPT-72.00-58:TOTAL-80
REJECT-18.00-16|REVIEW-15.00-13|ACCEPT-65.00-56:TOTAL-85
REJECT-18.00-17|REVIEW-17.00-16|ACCEPT-64.00-60:TOTAL-93
REJECT-18.00-19|REVIEW-17.00-18|ACCEPT-63.00-64:TOTAL-101
REJECT-20.00-19|REVIEW-15.00-15|ACCEPT-63.00-60:TOTAL-94
REJECT-19.00-17|REVIEW-14.00-13|ACCEPT-66.00-59:TOTAL-89
REJECT-20.00-21|REVIEW-13.00-14|ACCEPT-65.00-67:TOTAL-103
REJECT-21.00-24|REVIEW-10.00-12|ACCEPT-66.00-73:TOTAL-110
REJECT-20.00-23|REVIEW-11.00-13|ACCEPT-67.00-76:TOTAL-112
REJECT-15.00-17|REVIEW-12.00-14|ACCEPT-71.00-79:TOTAL-110
REJECT-12.00-15|REVIEW-13.00-16|ACCEPT-73.00-87:TOTAL-118
REJECT-13.00-16|REVIEW-11.00-13|ACCEPT-75.00-89:TOTAL-118
REJECT-15.00-18|REVIEW-9.00-11|ACCEPT-74.00-87:TOTAL-117
REJECT-16.00-18|REVIEW-10.00-12|ACCEPT-72.00-80:TOTAL-111
REJECT-15.00-19|REVIEW-13.00-16|ACCEPT-71.00-87:TOTAL-122
REJECT-20.00-26|REVIEW-12.00-16|ACCEPT-67.00-88:TOTAL-130
REJECT-19.00-27|REVIEW-10.00-15|ACCEPT-70.00-98:TOTAL-140
REJECT-18.00-24|REVIEW-9.00-13|ACCEPT-70.00-93:TOTAL-131
REJECT-14.00-18|REVIEW-8.00-10|ACCEPT-76.00-94:TOTAL-123
REJECT-13.00-17|REVIEW-10.00-13|ACCEPT-74.00-91:TOTAL-122
REJECT-13.00-15|REVIEW-10.00-11|ACCEPT-75.00-82:TOTAL-109
REJECT-13.00-14|REVIEW-13.00-14|ACCEPT-73.00-76:TOTAL-104
REJECT-11.00-11|REVIEW-11.00-11|ACCEPT-75.00-70:TOTAL-93
REJECT-16.00-16|REVIEW-14.00-14|ACCEPT-69.00-67:TOTAL-97
REJECT-14.00-13|REVIEW-11.00-10|ACCEPT-73.00-64:TOTAL-87
REJECT-16.00-16|REVIEW-13.00-13|ACCEPT-69.00-67:TOTAL-96
REJECT-13.00-13|REVIEW-12.00-12|ACCEPT-72.00-68:TOTAL-94
REJECT-11.00-10|REVIEW-14.00-13|ACCEPT-74.00-67:TOTAL-90
REJECT-12.00-10|REVIEW-7.00-6|ACCEPT-79.00-63:TOTAL-79
REJECT-9.00-8|REVIEW-6.00-5|ACCEPT-84.00-69:TOTAL-82
REJECT-14.00-14|REVIEW-6.00-6|ACCEPT-79.00-78:TOTAL-98
REJECT-14.00-17|REVIEW-8.00-10|ACCEPT-76.00-89:TOTAL-116
REJECT-18.00-24|REVIEW-7.00-9|ACCEPT-74.00-95:TOTAL-128
REJECT-17.00-22|REVIEW-10.00-13|ACCEPT-72.00-94:TOTAL-129
REJECT-16.00-18|REVIEW-9.00-11|ACCEPT-73.00-82:TOTAL-111
REJECT-12.00-12|REVIEW-11.00-11|ACCEPT-74.00-71:TOTAL-95
REJECT-14.00-12|REVIEW-10.00-9|ACCEPT-74.00-61:TOTAL-82
REJECT-11.00-10|REVIEW-12.00-11|ACCEPT-75.00-66:TOTAL-87
REJECT-14.00-15|REVIEW-13.00-14|ACCEPT-71.00-72:TOTAL-101
REJECT-15.00-18|REVIEW-11.00-13|ACCEPT-73.00-87:TOTAL-118
REJECT-17.00-20|REVIEW-9.00-11|ACCEPT-73.00-86:TOTAL-117
REJECT-14.00-15|REVIEW-7.00-8|ACCEPT-76.00-78:TOTAL-102
REJECT-10.00-10|REVIEW-6.00-6|ACCEPT-78.00-77:TOTAL-98
REJECT-9.00-11|REVIEW-5.00-6|ACCEPT-78.00-87:TOTAL-111
REJECT-10.00-13|REVIEW-4.00-5|ACCEPT-79.00-97:TOTAL-122
REJECT-14.00-18|REVIEW-6.00-8|ACCEPT-76.00-96:TOTAL-125
REJECT-17.00-20|REVIEW-6.00-7|ACCEPT-75.00-87:TOTAL-115
REJECT-14.00-17|REVIEW-9.00-11|ACCEPT-75.00-86:TOTAL-114
REJECT-10.00-11|REVIEW-7.00-8|ACCEPT-81.00-83:TOTAL-102
REJECT-7.00-8|REVIEW-9.00-11|ACCEPT-82.00-92:TOTAL-111
REJECT-9.00-11|REVIEW-8.00-10|ACCEPT-79.00-91:TOTAL-114
REJECT-10.00-12|REVIEW-9.00-11|ACCEPT-79.00-95:TOTAL-120
REJECT-11.00-13|REVIEW-11.00-13|ACCEPT-75.00-88:TOTAL-116
REJECT-12.00-15|REVIEW-12.00-15|ACCEPT-74.00-91:TOTAL-122
REJECT-18.00-24|REVIEW-13.00-17|ACCEPT-67.00-86:TOTAL-127
REJECT-18.00-25|REVIEW-11.00-16|ACCEPT-69.00-93:TOTAL-134
REJECT-15.00-19|REVIEW-9.00-11|ACCEPT-74.00-91:TOTAL-122
REJECT-5.00-7|REVIEW-9.00-12|ACCEPT-79.00-99:TOTAL-124
REJECT-4.00-6|REVIEW-7.00-11|ACCEPT-78.00-113:TOTAL-144
REJECT-5.00-10|REVIEW-8.00-14|ACCEPT-77.00-131:TOTAL-168
REJECT-9.00-15|REVIEW-9.00-15|ACCEPT-76.00-124:TOTAL-162
REJECT-11.00-17|REVIEW-13.00-20|ACCEPT-74.00-108:TOTAL-145
REJECT-14.00-19|REVIEW-13.00-18|ACCEPT-71.00-94:TOTAL-131
REJECT-16.00-23|REVIEW-11.00-16|ACCEPT-72.00-101:TOTAL-140
REJECT-19.00-29|REVIEW-8.00-13|ACCEPT-71.00-106:TOTAL-148
REJECT-17.00-27|REVIEW-8.00-13|ACCEPT-72.00-111:TOTAL-154
REJECT-16.00-25|REVIEW-8.00-14|ACCEPT-72.00-113:TOTAL-156
REJECT-13.00-19|REVIEW-8.00-13|ACCEPT-74.00-108:TOTAL-145
REJECT-18.00-26|REVIEW-10.00-15|ACCEPT-69.00-98:TOTAL-142
REJECT-21.00-28|REVIEW-9.00-13|ACCEPT-68.00-91:TOTAL-133
REJECT-20.00-26|REVIEW-7.00-10|ACCEPT-71.00-93:TOTAL-130
REJECT-13.00-17|REVIEW-8.00-10|ACCEPT-78.00-98:TOTAL-125
REJECT-11.00-14|REVIEW-9.00-12|ACCEPT-79.00-99:TOTAL-125
REJECT-8.00-11|REVIEW-10.00-13|ACCEPT-80.00-104:TOTAL-129
REJECT-10.00-13|REVIEW-11.00-15|ACCEPT-75.00-97:TOTAL-128
REJECT-8.00-8|REVIEW-10.00-10|ACCEPT-78.00-77:TOTAL-98
REJECT-11.00-8|REVIEW-14.00-10|ACCEPT-71.00-49:TOTAL-69
REJECT-11.00-6|REVIEW-16.00-9|ACCEPT-71.00-38:TOTAL-53
REJECT-15.00-8|REVIEW-20.00-11|ACCEPT-64.00-34:TOTAL-53
REJECT-17.00-8|REVIEW-17.00-8|ACCEPT-64.00-29:TOTAL-45
REJECT-15.00-5|REVIEW-9.00-3|ACCEPT-75.00-24:TOTAL-32
REJECT-10.00-3|REVIEW-6.00-2|ACCEPT-83.00-25:TOTAL-30
REJECT-5.00-2|REVIEW-11.00-4|ACCEPT-82.00-28:TOTAL-34
REJECT-12.00-4|REVIEW-12.00-4|ACCEPT-74.00-23:TOTAL-31
REJECT-14.00-5|REVIEW-14.00-5|ACCEPT-71.00-25:TOTAL-35
REJECT-23.00-6|REVIEW-11.00-3|ACCEPT-65.00-17:TOTAL-26
REJECT-26.00-6|REVIEW-13.00-3|ACCEPT-60.00-14:TOTAL-23
REJECT-42.00-6|REVIEW-7.00-1|ACCEPT-50.00-7:TOTAL-14
REJECT-37.00-6|REVIEW-12.00-2|ACCEPT-50.00-8:TOTAL-16
REJECT-26.00-5|REVIEW-26.00-5|ACCEPT-42.00-8:TOTAL-19
REJECT-29.00-5|REVIEW-29.00-5|ACCEPT-35.00-6:TOTAL-17
REJECT-26.00-4|REVIEW-40.00-6|ACCEPT-26.00-4:TOTAL-15
REJECT-35.00-5|REVIEW-21.00-3|ACCEPT-42.00-6:TOTAL-14
REJECT-35.00-5|REVIEW-21.00-3|ACCEPT-42.00-6:TOTAL-14
REJECT-50.00-6|REVIEW-8.00-1|ACCEPT-33.00-4:TOTAL-12
REJECT-66.00-6|REVIEW-11.00-1|ACCEPT-22.00-2:TOTAL-9
REJECT-80.00-4|REVIEW-0-0|ACCEPT-20.00-1:TOTAL-5
REJECT-25.00-1|REVIEW-0-0|ACCEPT-75.00-3:TOTAL-4
REJECT-0-0|REVIEW-33.00-1|ACCEPT-66.00-2:TOTAL-3
REJECT-0-0|REVIEW-25.00-1|ACCEPT-75.00-3:TOTAL-4
REJECT-0-0|REVIEW-50.00-2|ACCEPT-50.00-2:TOTAL-4
REJECT-0-0|REVIEW-25.00-1|ACCEPT-75.00-3:TOTAL-4
REJECT-20.00-1|REVIEW-20.00-1|ACCEPT-60.00-3:TOTAL-5
REJECT-16.00-1|REVIEW-0-0|ACCEPT-83.00-5:TOTAL-6
REJECT-11.00-1|REVIEW-0-0|ACCEPT-88.00-8:TOTAL-9
REJECT-22.00-2|REVIEW-0-0|ACCEPT-77.00-7:TOTAL-9
REJECT-55.00-5|REVIEW-0-0|ACCEPT-44.00-4:TOTAL-9
REJECT-85.00-6|REVIEW-14.00-1|ACCEPT-0-0:TOTAL-7
REJECT-62.00-5|REVIEW-25.00-2|ACCEPT-12.00-1:TOTAL-8
REJECT-33.00-3|REVIEW-22.00-2|ACCEPT-44.00-4:TOTAL-9
REJECT-25.00-2|REVIEW-25.00-2|ACCEPT-50.00-4:TOTAL-8
REJECT-20.00-1|REVIEW-20.00-1|ACCEPT-60.00-3:TOTAL-5
REJECT-0-0|REVIEW-100.00-1|ACCEPT-0-0:TOTAL-1
REJECT--0|REVIEW--0|ACCEPT--0:TOTAL-
REJECT-0-0|REVIEW-0-0|ACCEPT-66.00-2:TOTAL-3
REJECT-0-0|REVIEW-0-0|ACCEPT-83.00-5:TOTAL-6
REJECT-20.00-2|REVIEW-0-0|ACCEPT-70.00-7:TOTAL-10
REJECT-36.00-4|REVIEW-0-0|ACCEPT-63.00-7:TOTAL-11
REJECT-55.00-5|REVIEW-0-0|ACCEPT-44.00-4:TOTAL-9
REJECT-37.00-3|REVIEW-25.00-2|ACCEPT-37.00-3:TOTAL-8
REJECT-30.00-3|REVIEW-20.00-2|ACCEPT-50.00-5:TOTAL-10
REJECT-12.00-2|REVIEW-18.00-3|ACCEPT-68.00-11:TOTAL-16
REJECT-14.00-3|REVIEW-9.00-2|ACCEPT-76.00-16:TOTAL-21
REJECT-3.00-1|REVIEW-19.00-5|ACCEPT-76.00-20:TOTAL-26
REJECT-4.00-1|REVIEW-20.00-5|ACCEPT-76.00-19:TOTAL-25
REJECT-5.00-2|REVIEW-14.00-5|ACCEPT-80.00-28:TOTAL-35
REJECT-6.00-3|REVIEW-11.00-5|ACCEPT-81.00-36:TOTAL-44
REJECT-13.00-8|REVIEW-13.00-8|ACCEPT-72.00-42:TOTAL-58
REJECT-14.00-9|REVIEW-18.00-12|ACCEPT-67.00-43:TOTAL-64
REJECT-17.00-12|REVIEW-20.00-14|ACCEPT-62.00-44:TOTAL-70
REJECT-16.00-14|REVIEW-13.00-11|ACCEPT-69.00-58:TOTAL-83
REJECT-24.00-24|REVIEW-10.00-10|ACCEPT-66.00-66:TOTAL-100
REJECT-21.00-26|REVIEW-14.00-17|ACCEPT-64.00-77:TOTAL-120
REJECT-17.00-21|REVIEW-17.00-21|ACCEPT-65.00-79:TOTAL-121
REJECT-9.00-11|REVIEW-21.00-25|ACCEPT-69.00-83:TOTAL-119
REJECT-8.00-11|REVIEW-15.00-19|ACCEPT-75.00-94:TOTAL-124
REJECT-15.00-21|REVIEW-12.00-18|ACCEPT-71.00-100:TOTAL-140
REJECT-15.00-23|REVIEW-14.00-22|ACCEPT-70.00-107:TOTAL-152
REJECT-18.00-30|REVIEW-13.00-23|ACCEPT-66.00-111:TOTAL-166
REJECT-16.00-31|REVIEW-13.00-26|ACCEPT-69.00-134:TOTAL-193
REJECT-19.00-42|REVIEW-7.00-16|ACCEPT-71.00-154:TOTAL-214
REJECT-17.00-40|REVIEW-10.00-24|ACCEPT-72.00-170:TOTAL-234
REJECT-17.00-37|REVIEW-11.00-25|ACCEPT-71.00-154:TOTAL-216
REJECT-16.00-38|REVIEW-15.00-35|ACCEPT-66.00-151:TOTAL-226
REJECT-19.00-42|REVIEW-12.00-26|ACCEPT-68.00-147:TOTAL-216
REJECT-15.00-35|REVIEW-12.00-27|ACCEPT-71.00-160:TOTAL-223
REJECT-14.00-32|REVIEW-12.00-28|ACCEPT-72.00-158:TOTAL-218
REJECT-13.00-33|REVIEW-12.00-30|ACCEPT-73.00-174:TOTAL-237
REJECT-17.00-43|REVIEW-11.00-28|ACCEPT-71.00-180:TOTAL-251
REJECT-20.00-56|REVIEW-9.00-26|ACCEPT-69.00-186:TOTAL-268
REJECT-23.00-62|REVIEW-13.00-35|ACCEPT-62.00-164:TOTAL-261
REJECT-23.00-59|REVIEW-16.00-41|ACCEPT-59.00-147:TOTAL-247
REJECT-18.00-45|REVIEW-17.00-43|ACCEPT-64.00-159:TOTAL-247
REJECT-16.00-39|REVIEW-13.00-33|ACCEPT-70.00-168:TOTAL-240
REJECT-16.00-40|REVIEW-10.00-26|ACCEPT-72.00-178:TOTAL-245
REJECT-17.00-39|REVIEW-9.00-22|ACCEPT-73.00-166:TOTAL-227
REJECT-20.00-47|REVIEW-12.00-28|ACCEPT-66.00-154:TOTAL-230
REJECT-23.00-53|REVIEW-12.00-28|ACCEPT-63.00-142:TOTAL-223
REJECT-24.00-53|REVIEW-12.00-28|ACCEPT-63.00-139:TOTAL-220
REJECT-20.00-37|REVIEW-10.00-20|ACCEPT-68.00-125:TOTAL-183
REJECT-15.00-28|REVIEW-11.00-22|ACCEPT-72.00-135:TOTAL-185
REJECT-11.00-19|REVIEW-11.00-19|ACCEPT-77.00-134:TOTAL-172
REJECT-11.00-22|REVIEW-10.00-21|ACCEPT-77.00-148:TOTAL-192
REJECT-12.00-23|REVIEW-11.00-21|ACCEPT-75.00-136:TOTAL-181
REJECT-18.00-35|REVIEW-14.00-28|ACCEPT-66.00-127:TOTAL-192
REJECT-17.00-33|REVIEW-15.00-29|ACCEPT-66.00-126:TOTAL-189
REJECT-15.00-29|REVIEW-16.00-32|ACCEPT-68.00-130:TOTAL-191
REJECT-10.00-18|REVIEW-16.00-27|ACCEPT-73.00-123:TOTAL-168
REJECT-12.00-19|REVIEW-15.00-24|ACCEPT-71.00-111:TOTAL-155
REJECT-15.00-25|REVIEW-12.00-20|ACCEPT-71.00-117:TOTAL-163
REJECT-13.00-22|REVIEW-10.00-18|ACCEPT-75.00-124:TOTAL-165
REJECT-14.00-25|REVIEW-11.00-20|ACCEPT-74.00-129:TOTAL-174
REJECT-13.00-24|REVIEW-15.00-28|ACCEPT-70.00-126:TOTAL-178
REJECT-15.00-28|REVIEW-16.00-31|ACCEPT-67.00-124:TOTAL-183
REJECT-15.00-28|REVIEW-18.00-34|ACCEPT-65.00-119:TOTAL-181
REJECT-17.00-30|REVIEW-18.00-32|ACCEPT-64.00-111:TOTAL-173
REJECT-17.00-33|REVIEW-19.00-37|ACCEPT-63.00-124:TOTAL-194
REJECT-12.00-27|REVIEW-18.00-39|ACCEPT-67.00-141:TOTAL-208
REJECT-11.00-25|REVIEW-16.00-34|ACCEPT-71.00-150:TOTAL-209
REJECT-10.00-21|REVIEW-14.00-27|ACCEPT-75.00-144:TOTAL-192
REJECT-13.00-23|REVIEW-13.00-23|ACCEPT-72.00-124:TOTAL-170
REJECT-15.00-25|REVIEW-17.00-28|ACCEPT-67.00-111:TOTAL-164
REJECT-16.00-28|REVIEW-16.00-27|ACCEPT-66.00-110:TOTAL-166
REJECT-15.00-28|REVIEW-14.00-27|ACCEPT-69.00-128:TOTAL-183
REJECT-13.00-25|REVIEW-13.00-25|ACCEPT-73.00-141:TOTAL-192
REJECT-15.00-30|REVIEW-15.00-30|ACCEPT-69.00-137:TOTAL-197
REJECT-14.00-29|REVIEW-16.00-32|ACCEPT-68.00-135:TOTAL-197
REJECT-14.00-27|REVIEW-16.00-31|ACCEPT-68.00-129:TOTAL-189
REJECT-12.00-21|REVIEW-16.00-28|ACCEPT-70.00-121:TOTAL-172
REJECT-12.00-20|REVIEW-14.00-23|ACCEPT-72.00-111:TOTAL-154
REJECT-15.00-26|REVIEW-16.00-28|ACCEPT-67.00-112:TOTAL-166
REJECT-17.00-29|REVIEW-15.00-26|ACCEPT-66.00-110:TOTAL-165
REJECT-20.00-34|REVIEW-15.00-26|ACCEPT-63.00-107:TOTAL-168
REJECT-22.00-35|REVIEW-12.00-19|ACCEPT-65.00-102:TOTAL-156
REJECT-22.00-36|REVIEW-13.00-22|ACCEPT-63.00-102:TOTAL-160
REJECT-23.00-34|REVIEW-11.00-17|ACCEPT-63.00-91:TOTAL-144
REJECT-17.00-25|REVIEW-15.00-22|ACCEPT-66.00-97:TOTAL-145
REJECT-16.00-21|REVIEW-15.00-20|ACCEPT-66.00-85:TOTAL-127
REJECT-12.00-17|REVIEW-16.00-22|ACCEPT-70.00-92:TOTAL-131
REJECT-15.00-19|REVIEW-15.00-19|ACCEPT-69.00-86:TOTAL-124
REJECT-13.00-18|REVIEW-13.00-18|ACCEPT-72.00-93:TOTAL-129
REJECT-13.00-20|REVIEW-13.00-20|ACCEPT-73.00-109:TOTAL-149
REJECT-13.00-19|REVIEW-13.00-19|ACCEPT-73.00-105:TOTAL-143
REJECT-13.00-19|REVIEW-13.00-18|ACCEPT-72.00-100:TOTAL-137
REJECT-14.00-17|REVIEW-15.00-18|ACCEPT-70.00-84:TOTAL-119
REJECT-16.00-20|REVIEW-14.00-18|ACCEPT-69.00-85:TOTAL-123
REJECT-13.00-17|REVIEW-13.00-17|ACCEPT-72.00-91:TOTAL-125
REJECT-15.00-21|REVIEW-13.00-18|ACCEPT-71.00-99:TOTAL-138
REJECT-20.00-32|REVIEW-9.00-15|ACCEPT-70.00-110:TOTAL-157
REJECT-20.00-36|REVIEW-9.00-17|ACCEPT-69.00-119:TOTAL-172
REJECT-22.00-39|REVIEW-9.00-16|ACCEPT-67.00-119:TOTAL-176
REJECT-17.00-28|REVIEW-9.00-15|ACCEPT-72.00-117:TOTAL-162
REJECT-17.00-29|REVIEW-8.00-14|ACCEPT-73.00-120:TOTAL-164
REJECT-14.00-22|REVIEW-8.00-13|ACCEPT-76.00-112:TOTAL-147
REJECT-10.00-14|REVIEW-9.00-12|ACCEPT-79.00-102:TOTAL-128
REJECT-8.00-9|REVIEW-12.00-13|ACCEPT-79.00-85:TOTAL-107
REJECT-14.00-16|REVIEW-15.00-17|ACCEPT-69.00-74:TOTAL-107
REJECT-17.00-18|REVIEW-18.00-19|ACCEPT-63.00-65:TOTAL-102
REJECT-18.00-18|REVIEW-15.00-15|ACCEPT-65.00-62:TOTAL-95
REJECT-17.00-15|REVIEW-11.00-10|ACCEPT-70.00-60:TOTAL-85
REJECT-20.00-17|REVIEW-9.00-8|ACCEPT-67.00-55:TOTAL-81
REJECT-25.00-19|REVIEW-11.00-9|ACCEPT-63.00-48:TOTAL-76
REJECT-21.00-12|REVIEW-14.00-8|ACCEPT-64.00-36:TOTAL-56
REJECT-20.00-8|REVIEW-15.00-6|ACCEPT-65.00-26:TOTAL-40
REJECT-11.00-3|REVIEW-18.00-5|ACCEPT-70.00-19:TOTAL-27
REJECT-25.00-6|REVIEW-16.00-4|ACCEPT-58.00-14:TOTAL-24
REJECT-25.00-7|REVIEW-18.00-5|ACCEPT-55.00-15:TOTAL-27
REJECT-26.00-6|REVIEW-17.00-4|ACCEPT-56.00-13:TOTAL-23
REJECT-11.00-2|REVIEW-17.00-3|ACCEPT-70.00-12:TOTAL-17
REJECT-0-0|REVIEW-22.00-2|ACCEPT-77.00-7:TOTAL-9
REJECT-0-0|REVIEW-42.00-3|ACCEPT-57.00-4:TOTAL-7
REJECT-0-0|REVIEW-44.00-4|ACCEPT-55.00-5:TOTAL-9
REJECT-0-0|REVIEW-33.00-4|ACCEPT-66.00-8:TOTAL-12
REJECT-0-0|REVIEW-23.00-3|ACCEPT-76.00-10:TOTAL-13
REJECT-0-0|REVIEW-16.00-2|ACCEPT-83.00-10:TOTAL-12
REJECT-16.00-2|REVIEW-16.00-2|ACCEPT-58.00-7:TOTAL-12
REJECT-25.00-2|REVIEW-12.00-1|ACCEPT-50.00-4:TOTAL-8
REJECT-28.00-2|REVIEW-14.00-1|ACCEPT-42.00-3:TOTAL-7
REJECT-0-0|REVIEW-0-0|ACCEPT-100.00-3:TOTAL-3
REJECT-0-0|REVIEW-16.00-1|ACCEPT-83.00-5:TOTAL-6
REJECT-22.00-2|REVIEW-11.00-1|ACCEPT-66.00-6:TOTAL-9
REJECT-44.00-4|REVIEW-11.00-1|ACCEPT-44.00-4:TOTAL-9
REJECT-66.00-4|REVIEW-0-0|ACCEPT-33.00-2:TOTAL-6
REJECT-100.00-2|REVIEW-0-0|ACCEPT-0-0:TOTAL-2
REJECT-0-0|REVIEW-0-0|ACCEPT-100.00-1:TOTAL-1
REJECT-0-0|REVIEW-0-0|ACCEPT-100.00-2:TOTAL-2
REJECT-0-0|REVIEW-0-0|ACCEPT-100.00-2:TOTAL-2
REJECT-0-0|REVIEW-0-0|ACCEPT-100.00-1:TOTAL-1
REJECT-0-0|REVIEW-0-0|ACCEPT-100.00-1:TOTAL-1
REJECT-0-0|REVIEW-0-0|ACCEPT-100.00-2:TOTAL-2
REJECT-0-0|REVIEW-0-0|ACCEPT-100.00-3:TOTAL-3
REJECT-0-0|REVIEW-0-0|ACCEPT-100.00-2:TOTAL-2
REJECT-25.00-1|REVIEW-25.00-1|ACCEPT-50.00-2:TOTAL-4
REJECT-20.00-1|REVIEW-20.00-1|ACCEPT-60.00-3:TOTAL-5
REJECT-14.00-1|REVIEW-28.00-2|ACCEPT-57.00-4:TOTAL-7
REJECT-0-0|REVIEW-25.00-2|ACCEPT-75.00-6:TOTAL-8
REJECT-25.00-2|REVIEW-25.00-2|ACCEPT-50.00-4:TOTAL-8
REJECT-44.00-4|REVIEW-11.00-1|ACCEPT-44.00-4:TOTAL-9
REJECT-85.00-6|REVIEW-0-0|ACCEPT-14.00-1:TOTAL-7
REJECT-50.00-5|REVIEW-10.00-1|ACCEPT-30.00-3:TOTAL-10
REJECT-33.00-3|REVIEW-11.00-1|ACCEPT-44.00-4:TOTAL-9
REJECT-11.00-1|REVIEW-11.00-1|ACCEPT-66.00-6:TOTAL-9
REJECT-0-0|REVIEW-0-0|ACCEPT-100.00-9:TOTAL-9
REJECT-0-0|REVIEW-6.00-1|ACCEPT-93.00-15:TOTAL-16
REJECT-6.00-1|REVIEW-12.00-2|ACCEPT-81.00-13:TOTAL-16
REJECT-17.00-3|REVIEW-11.00-2|ACCEPT-70.00-12:TOTAL-17
REJECT-45.00-9|REVIEW-5.00-1|ACCEPT-50.00-10:TOTAL-20
REJECT-39.00-11|REVIEW-3.00-1|ACCEPT-57.00-16:TOTAL-28
REJECT-42.00-20|REVIEW-8.00-4|ACCEPT-48.00-23:TOTAL-47
REJECT-33.00-21|REVIEW-12.00-8|ACCEPT-53.00-33:TOTAL-62
REJECT-28.00-22|REVIEW-13.00-10|ACCEPT-56.00-43:TOTAL-76
REJECT-18.00-12|REVIEW-16.00-11|ACCEPT-65.00-43:TOTAL-66
REJECT-11.00-8|REVIEW-18.00-13|ACCEPT-68.00-47:TOTAL-69
REJECT-13.00-10|REVIEW-19.00-14|ACCEPT-67.00-49:TOTAL-73
REJECT-18.00-18|REVIEW-15.00-15|ACCEPT-67.00-67:TOTAL-100
REJECT-20.00-24|REVIEW-10.00-13|ACCEPT-69.00-83:TOTAL-120
REJECT-16.00-23|REVIEW-12.00-18|ACCEPT-70.00-100:TOTAL-141
REJECT-16.00-23|REVIEW-11.00-17|ACCEPT-71.00-102:TOTAL-142
REJECT-15.00-22|REVIEW-13.00-19|ACCEPT-70.00-100:TOTAL-141
REJECT-18.00-25|REVIEW-11.00-15|ACCEPT-70.00-96:TOTAL-136
REJECT-20.00-32|REVIEW-11.00-18|ACCEPT-67.00-104:TOTAL-155
REJECT-19.00-34|REVIEW-13.00-23|ACCEPT-66.00-114:TOTAL-172
REJECT-21.00-45|REVIEW-13.00-28|ACCEPT-64.00-134:TOTAL-207
REJECT-19.00-41|REVIEW-14.00-30|ACCEPT-65.00-139:TOTAL-211
REJECT-22.00-48|REVIEW-12.00-26|ACCEPT-64.00-139:TOTAL-214
REJECT-19.00-37|REVIEW-10.00-21|ACCEPT-69.00-133:TOTAL-192
REJECT-19.00-39|REVIEW-13.00-27|ACCEPT-67.00-135:TOTAL-201
REJECT-16.00-32|REVIEW-15.00-29|ACCEPT-68.00-131:TOTAL-192
REJECT-14.00-29|REVIEW-19.00-38|ACCEPT-65.00-130:TOTAL-197
REJECT-11.00-22|REVIEW-19.00-36|ACCEPT-68.00-128:TOTAL-186
REJECT-12.00-23|REVIEW-20.00-37|ACCEPT-67.00-125:TOTAL-185
REJECT-11.00-20|REVIEW-17.00-31|ACCEPT-71.00-127:TOTAL-178
REJECT-14.00-26|REVIEW-15.00-29|ACCEPT-70.00-130:TOTAL-185
REJECT-15.00-29|REVIEW-15.00-28|ACCEPT-69.00-127:TOTAL-184
REJECT-19.00-39|REVIEW-12.00-26|ACCEPT-67.00-138:TOTAL-203
REJECT-19.00-38|REVIEW-10.00-20|ACCEPT-69.00-135:TOTAL-193
REJECT-18.00-39|REVIEW-9.00-19|ACCEPT-72.00-150:TOTAL-208
REJECT-20.00-42|REVIEW-11.00-24|ACCEPT-68.00-142:TOTAL-208
REJECT-19.00-44|REVIEW-13.00-30|ACCEPT-66.00-152:TOTAL-227
REJECT-17.00-40|REVIEW-14.00-33|ACCEPT-68.00-160:TOTAL-233
REJECT-17.00-39|REVIEW-16.00-36|ACCEPT-66.00-149:TOTAL-225
REJECT-15.00-33|REVIEW-17.00-37|ACCEPT-66.00-141:TOTAL-211
REJECT-19.00-41|REVIEW-18.00-40|ACCEPT-61.00-132:TOTAL-214
REJECT-18.00-40|REVIEW-18.00-38|ACCEPT-63.00-133:TOTAL-211
REJECT-20.00-43|REVIEW-19.00-41|ACCEPT-60.00-130:TOTAL-214
REJECT-18.00-36|REVIEW-18.00-37|ACCEPT-62.00-123:TOTAL-197
REJECT-15.00-29|REVIEW-17.00-33|ACCEPT-67.00-128:TOTAL-191
REJECT-14.00-28|REVIEW-14.00-28|ACCEPT-69.00-136:TOTAL-195
REJECT-13.00-25|REVIEW-13.00-26|ACCEPT-72.00-137:TOTAL-189
REJECT-13.00-25|REVIEW-14.00-27|ACCEPT-71.00-131:TOTAL-184
REJECT-15.00-27|REVIEW-13.00-24|ACCEPT-71.00-127:TOTAL-178
REJECT-14.00-25|REVIEW-12.00-23|ACCEPT-72.00-129:TOTAL-178
REJECT-15.00-28|REVIEW-10.00-19|ACCEPT-74.00-136:TOTAL-183
REJECT-14.00-23|REVIEW-9.00-15|ACCEPT-76.00-126:TOTAL-164
REJECT-18.00-29|REVIEW-9.00-15|ACCEPT-71.00-115:TOTAL-160
REJECT-19.00-31|REVIEW-9.00-15|ACCEPT-70.00-113:TOTAL-161
REJECT-17.00-31|REVIEW-14.00-26|ACCEPT-66.00-118:TOTAL-177
REJECT-13.00-26|REVIEW-12.00-24|ACCEPT-72.00-137:TOTAL-188
REJECT-10.00-20|REVIEW-12.00-24|ACCEPT-76.00-149:TOTAL-194
REJECT-10.00-20|REVIEW-11.00-22|ACCEPT-78.00-152:TOTAL-194
REJECT-13.00-28|REVIEW-15.00-34|ACCEPT-70.00-151:TOTAL-214
REJECT-16.00-36|REVIEW-21.00-48|ACCEPT-61.00-136:TOTAL-221
REJECT-20.00-44|REVIEW-21.00-47|ACCEPT-58.00-126:TOTAL-217
REJECT-18.00-41|REVIEW-21.00-48|ACCEPT-60.00-136:TOTAL-226
REJECT-16.00-38|REVIEW-16.00-38|ACCEPT-66.00-148:TOTAL-224
REJECT-15.00-36|REVIEW-19.00-46|ACCEPT-64.00-151:TOTAL-233
REJECT-15.00-31|REVIEW-19.00-40|ACCEPT-65.00-132:TOTAL-203
REJECT-16.00-32|REVIEW-21.00-41|ACCEPT-62.00-120:TOTAL-193
REJECT-15.00-29|REVIEW-13.00-25|ACCEPT-69.00-128:TOTAL-183
REJECT-18.00-34|REVIEW-13.00-26|ACCEPT-67.00-127:TOTAL-188
REJECT-20.00-38|REVIEW-11.00-21|ACCEPT-68.00-128:TOTAL-188
REJECT-19.00-40|REVIEW-16.00-34|ACCEPT-63.00-128:TOTAL-203
REJECT-17.00-33|REVIEW-15.00-29|ACCEPT-65.00-123:TOTAL-187
REJECT-15.00-30|REVIEW-16.00-32|ACCEPT-65.00-124:TOTAL-189
REJECT-17.00-30|REVIEW-12.00-21|ACCEPT-69.00-116:TOTAL-168
REJECT-19.00-33|REVIEW-13.00-23|ACCEPT-66.00-113:TOTAL-169
REJECT-20.00-36|REVIEW-13.00-23|ACCEPT-65.00-113:TOTAL-173
REJECT-19.00-33|REVIEW-18.00-31|ACCEPT-62.00-108:TOTAL-172
REJECT-17.00-29|REVIEW-19.00-32|ACCEPT-63.00-107:TOTAL-168
REJECT-13.00-21|REVIEW-18.00-29|ACCEPT-67.00-103:TOTAL-153
REJECT-18.00-28|REVIEW-17.00-27|ACCEPT-63.00-96:TOTAL-151
REJECT-18.00-27|REVIEW-18.00-27|ACCEPT-62.00-93:TOTAL-148
REJECT-21.00-31|REVIEW-19.00-28|ACCEPT-59.00-85:TOTAL-144
REJECT-16.00-26|REVIEW-17.00-27|ACCEPT-66.00-103:TOTAL-156
REJECT-17.00-26|REVIEW-14.00-22|ACCEPT-68.00-102:TOTAL-150
REJECT-15.00-24|REVIEW-13.00-21|ACCEPT-70.00-108:TOTAL-153
REJECT-15.00-23|REVIEW-13.00-20|ACCEPT-70.00-104:TOTAL-147
REJECT-15.00-20|REVIEW-12.00-17|ACCEPT-72.00-96:TOTAL-133
REJECT-15.00-21|REVIEW-8.00-11|ACCEPT-76.00-105:TOTAL-137
REJECT-17.00-23|REVIEW-6.00-8|ACCEPT-76.00-99:TOTAL-130
REJECT-16.00-25|REVIEW-6.00-10|ACCEPT-76.00-116:TOTAL-151
REJECT-13.00-20|REVIEW-8.00-12|ACCEPT-77.00-112:TOTAL-144
REJECT-13.00-19|REVIEW-6.00-9|ACCEPT-79.00-110:TOTAL-139
REJECT-15.00-19|REVIEW-5.00-7|ACCEPT-79.00-99:TOTAL-125
REJECT-18.00-24|REVIEW-7.00-10|ACCEPT-71.00-92:TOTAL-128
REJECT-17.00-24|REVIEW-8.00-12|ACCEPT-72.00-98:TOTAL-136
REJECT-25.00-36|REVIEW-11.00-16|ACCEPT-63.00-91:TOTAL-144
REJECT-23.00-33|REVIEW-11.00-16|ACCEPT-64.00-89:TOTAL-138
REJECT-24.00-30|REVIEW-14.00-18|ACCEPT-60.00-75:TOTAL-123
REJECT-18.00-20|REVIEW-19.00-21|ACCEPT-62.00-67:TOTAL-108
REJECT-16.00-17|REVIEW-18.00-19|ACCEPT-64.00-65:TOTAL-101
REJECT-19.00-20|REVIEW-19.00-20|ACCEPT-60.00-61:TOTAL-101
REJECT-16.00-15|REVIEW-14.00-13|ACCEPT-69.00-63:TOTAL-91
REJECT-25.00-22|REVIEW-12.00-11|ACCEPT-62.00-54:TOTAL-87
REJECT-27.00-21|REVIEW-10.00-8|ACCEPT-61.00-47:TOTAL-76
REJECT-28.00-21|REVIEW-12.00-9|ACCEPT-58.00-43:TOTAL-74
REJECT-16.00-11|REVIEW-15.00-10|ACCEPT-68.00-45:TOTAL-66
REJECT-5.00-3|REVIEW-16.00-9|ACCEPT-77.00-41:TOTAL-53
REJECT-5.00-2|REVIEW-16.00-6|ACCEPT-78.00-29:TOTAL-37
REJECT-24.00-6|REVIEW-8.00-2|ACCEPT-68.00-17:TOTAL-25
REJECT-26.00-7|REVIEW-0-0|ACCEPT-73.00-19:TOTAL-26
REJECT-20.00-5|REVIEW-4.00-1|ACCEPT-75.00-18:TOTAL-24
REJECT-8.00-2|REVIEW-4.00-1|ACCEPT-88.00-22:TOTAL-25
REJECT-15.00-3|REVIEW-5.00-1|ACCEPT-78.00-15:TOTAL-19
REJECT-20.00-3|REVIEW-6.00-1|ACCEPT-73.00-11:TOTAL-15
REJECT-28.00-4|REVIEW-21.00-3|ACCEPT-50.00-7:TOTAL-14
REJECT-21.00-3|REVIEW-21.00-3|ACCEPT-57.00-8:TOTAL-14
REJECT-29.00-5|REVIEW-17.00-3|ACCEPT-52.00-9:TOTAL-17
REJECT-30.00-4|REVIEW-15.00-2|ACCEPT-53.00-7:TOTAL-13
REJECT-33.00-3|REVIEW-22.00-2|ACCEPT-33.00-3:TOTAL-9
REJECT-22.00-2|REVIEW-33.00-3|ACCEPT-33.00-3:TOTAL-9
REJECT-14.00-1|REVIEW-28.00-2|ACCEPT-42.00-3:TOTAL-7
REJECT-12.00-1|REVIEW-25.00-2|ACCEPT-62.00-5:TOTAL-8
REJECT-0-0|REVIEW-0-0|ACCEPT-100.00-4:TOTAL-4
REJECT-0-0|REVIEW-0-0|ACCEPT-100.00-2:TOTAL-2
REJECT-0-0|REVIEW-0-0|ACCEPT-100.00-2:TOTAL-2
REJECT-25.00-1|REVIEW-0-0|ACCEPT-75.00-3:TOTAL-4
REJECT-20.00-1|REVIEW-0-0|ACCEPT-80.00-4:TOTAL-5
REJECT-25.00-1|REVIEW-0-0|ACCEPT-75.00-3:TOTAL-4
REJECT-0-0|REVIEW-0-0|ACCEPT-100.00-2:TOTAL-2
REJECT-50.00-2|REVIEW-0-0|ACCEPT-50.00-2:TOTAL-4
REJECT-33.00-2|REVIEW-0-0|ACCEPT-66.00-4:TOTAL-6
REJECT-33.00-2|REVIEW-0-0|ACCEPT-66.00-4:TOTAL-6
REJECT-0-0|REVIEW-0-0|ACCEPT-100.00-5:TOTAL-5
REJECT-0-0|REVIEW-0-0|ACCEPT-100.00-3:TOTAL-3
REJECT-0-0|REVIEW-0-0|ACCEPT-100.00-5:TOTAL-5
REJECT-20.00-1|REVIEW-20.00-1|ACCEPT-60.00-3:TOTAL-5
REJECT-28.00-2|REVIEW-14.00-1|ACCEPT-57.00-4:TOTAL-7
REJECT-33.00-2|REVIEW-16.00-1|ACCEPT-50.00-3:TOTAL-6
REJECT-16.00-1|REVIEW-0-0|ACCEPT-83.00-5:TOTAL-6
REJECT-50.00-3|REVIEW-0-0|ACCEPT-50.00-3:TOTAL-6
REJECT-57.00-4|REVIEW-14.00-1|ACCEPT-28.00-2:TOTAL-7
REJECT-71.00-5|REVIEW-28.00-2|ACCEPT-0-0:TOTAL-7
REJECT-40.00-2|REVIEW-40.00-2|ACCEPT-20.00-1:TOTAL-5
REJECT-12.00-1|REVIEW-37.00-3|ACCEPT-37.00-3:TOTAL-8
REJECT-9.00-1|REVIEW-27.00-3|ACCEPT-54.00-6:TOTAL-11
REJECT-15.00-2|REVIEW-30.00-4|ACCEPT-46.00-6:TOTAL-13
REJECT-12.00-2|REVIEW-18.00-3|ACCEPT-68.00-11:TOTAL-16
REJECT-9.00-2|REVIEW-9.00-2|ACCEPT-80.00-17:TOTAL-21
REJECT-10.00-3|REVIEW-6.00-2|ACCEPT-80.00-24:TOTAL-30
REJECT-16.00-6|REVIEW-16.00-6|ACCEPT-66.00-24:TOTAL-36
REJECT-16.00-8|REVIEW-24.00-12|ACCEPT-57.00-28:TOTAL-49
REJECT-20.00-12|REVIEW-18.00-11|ACCEPT-61.00-37:TOTAL-60
REJECT-21.00-14|REVIEW-18.00-12|ACCEPT-59.00-38:TOTAL-64
REJECT-22.00-15|REVIEW-16.00-11|ACCEPT-61.00-42:TOTAL-68
REJECT-20.00-15|REVIEW-18.00-13|ACCEPT-61.00-44:TOTAL-72
REJECT-17.00-15|REVIEW-12.00-11|ACCEPT-70.00-62:TOTAL-88
REJECT-17.00-18|REVIEW-8.00-9|ACCEPT-73.00-74:TOTAL-101
REJECT-16.00-21|REVIEW-12.00-15|ACCEPT-70.00-87:TOTAL-124
REJECT-16.00-23|REVIEW-12.00-18|ACCEPT-71.00-101:TOTAL-142
REJECT-15.00-21|REVIEW-19.00-27|ACCEPT-65.00-90:TOTAL-138
REJECT-16.00-22|REVIEW-17.00-23|ACCEPT-65.00-87:TOTAL-132
REJECT-17.00-23|REVIEW-14.00-19|ACCEPT-68.00-92:TOTAL-134
REJECT-17.00-23|REVIEW-6.00-9|ACCEPT-75.00-102:TOTAL-135
REJECT-11.00-16|REVIEW-10.00-14|ACCEPT-77.00-104:TOTAL-134
REJECT-9.00-13|REVIEW-9.00-13|ACCEPT-81.00-113:TOTAL-139
REJECT-9.00-16|REVIEW-11.00-20|ACCEPT-79.00-139:TOTAL-175
REJECT-10.00-22|REVIEW-11.00-23|ACCEPT-77.00-157:TOTAL-202
REJECT-15.00-31|REVIEW-13.00-27|ACCEPT-70.00-146:TOTAL-206
REJECT-16.00-38|REVIEW-14.00-32|ACCEPT-68.00-154:TOTAL-225
REJECT-15.00-37|REVIEW-16.00-40|ACCEPT-67.00-167:TOTAL-246
REJECT-14.00-35|REVIEW-16.00-41|ACCEPT-68.00-167:TOTAL-244
REJECT-13.00-29|REVIEW-15.00-35|ACCEPT-70.00-158:TOTAL-223
REJECT-14.00-31|REVIEW-13.00-28|ACCEPT-71.00-149:TOTAL-209
REJECT-12.00-28|REVIEW-16.00-36|ACCEPT-71.00-159:TOTAL-223
REJECT-12.00-28|REVIEW-18.00-41|ACCEPT-69.00-157:TOTAL-226
REJECT-15.00-35|REVIEW-16.00-37|ACCEPT-67.00-152:TOTAL-224
REJECT-17.00-38|REVIEW-15.00-32|ACCEPT-67.00-143:TOTAL-213
REJECT-19.00-44|REVIEW-14.00-33|ACCEPT-66.00-153:TOTAL-231
REJECT-17.00-40|REVIEW-14.00-35|ACCEPT-68.00-160:TOTAL-235
REJECT-17.00-40|REVIEW-14.00-33|ACCEPT-67.00-155:TOTAL-229
REJECT-15.00-33|REVIEW-16.00-34|ACCEPT-67.00-140:TOTAL-207
REJECT-14.00-31|REVIEW-16.00-36|ACCEPT-68.00-147:TOTAL-214
REJECT-13.00-28|REVIEW-19.00-42|ACCEPT-66.00-143:TOTAL-214
REJECT-15.00-35|REVIEW-18.00-42|ACCEPT-65.00-146:TOTAL-223
REJECT-18.00-40|REVIEW-18.00-39|ACCEPT-63.00-136:TOTAL-215
REJECT-16.00-36|REVIEW-16.00-35|ACCEPT-66.00-141:TOTAL-212
REJECT-14.00-29|REVIEW-13.00-27|ACCEPT-71.00-143:TOTAL-199
REJECT-11.00-20|REVIEW-13.00-24|ACCEPT-75.00-132:TOTAL-176
REJECT-10.00-20|REVIEW-13.00-25|ACCEPT-75.00-137:TOTAL-182
REJECT-12.00-21|REVIEW-15.00-26|ACCEPT-72.00-121:TOTAL-168
REJECT-14.00-26|REVIEW-16.00-29|ACCEPT-69.00-123:TOTAL-178
REJECT-15.00-27|REVIEW-17.00-31|ACCEPT-66.00-115:TOTAL-174
REJECT-16.00-31|REVIEW-15.00-29|ACCEPT-66.00-123:TOTAL-184
REJECT-17.00-31|REVIEW-14.00-26|ACCEPT-67.00-122:TOTAL-180
REJECT-21.00-37|REVIEW-9.00-17|ACCEPT-69.00-121:TOTAL-175
REJECT-18.00-34|REVIEW-12.00-22|ACCEPT-69.00-126:TOTAL-182
REJECT-18.00-33|REVIEW-10.00-19|ACCEPT-71.00-128:TOTAL-180
REJECT-15.00-30|REVIEW-12.00-24|ACCEPT-72.00-143:TOTAL-198
REJECT-12.00-23|REVIEW-12.00-24|ACCEPT-75.00-142:TOTAL-189
REJECT-9.00-18|REVIEW-14.00-28|ACCEPT-76.00-149:TOTAL-195
REJECT-10.00-20|REVIEW-13.00-24|ACCEPT-76.00-140:TOTAL-184
REJECT-14.00-27|REVIEW-13.00-26|ACCEPT-71.00-134:TOTAL-187
REJECT-18.00-33|REVIEW-16.00-29|ACCEPT-65.00-119:TOTAL-181
REJECT-15.00-31|REVIEW-19.00-38|ACCEPT-64.00-128:TOTAL-199
REJECT-17.00-36|REVIEW-15.00-32|ACCEPT-65.00-134:TOTAL-204
REJECT-17.00-34|REVIEW-13.00-27|ACCEPT-68.00-136:TOTAL-200
REJECT-19.00-36|REVIEW-12.00-23|ACCEPT-67.00-124:TOTAL-183
REJECT-20.00-40|REVIEW-10.00-20|ACCEPT-68.00-131:TOTAL-192
REJECT-20.00-40|REVIEW-10.00-20|ACCEPT-69.00-138:TOTAL-199
REJECT-19.00-43|REVIEW-10.00-23|ACCEPT-70.00-156:TOTAL-222
REJECT-16.00-37|REVIEW-15.00-35|ACCEPT-67.00-151:TOTAL-223
REJECT-15.00-31|REVIEW-17.00-35|ACCEPT-67.00-137:TOTAL-203
REJECT-14.00-22|REVIEW-16.00-25|ACCEPT-69.00-109:TOTAL-156
REJECT-14.00-22|REVIEW-11.00-17|ACCEPT-73.00-108:TOTAL-147
REJECT-15.00-24|REVIEW-11.00-18|ACCEPT-73.00-115:TOTAL-157
REJECT-15.00-25|REVIEW-13.00-22|ACCEPT-69.00-112:TOTAL-162
REJECT-11.00-19|REVIEW-14.00-23|ACCEPT-66.00-108:TOTAL-163
REJECT-13.00-23|REVIEW-14.00-24|ACCEPT-63.00-106:TOTAL-167
REJECT-15.00-27|REVIEW-11.00-21|ACCEPT-64.00-114:TOTAL-176
REJECT-17.00-29|REVIEW-14.00-24|ACCEPT-64.00-107:TOTAL-165
REJECT-17.00-27|REVIEW-17.00-27|ACCEPT-63.00-100:TOTAL-158
REJECT-20.00-31|REVIEW-18.00-29|ACCEPT-60.00-94:TOTAL-155
REJECT-24.00-35|REVIEW-14.00-21|ACCEPT-60.00-88:TOTAL-145
REJECT-21.00-30|REVIEW-11.00-17|ACCEPT-65.00-93:TOTAL-142
REJECT-15.00-21|REVIEW-11.00-16|ACCEPT-72.00-98:TOTAL-136
REJECT-7.00-11|REVIEW-14.00-21|ACCEPT-77.00-113:TOTAL-145
REJECT-6.00-9|REVIEW-13.00-19|ACCEPT-77.00-106:TOTAL-137
REJECT-10.00-16|REVIEW-11.00-18|ACCEPT-75.00-114:TOTAL-151
REJECT-15.00-21|REVIEW-10.00-14|ACCEPT-71.00-97:TOTAL-135
REJECT-15.00-21|REVIEW-10.00-14|ACCEPT-73.00-97:TOTAL-132
REJECT-13.00-17|REVIEW-14.00-18|ACCEPT-72.00-91:TOTAL-126
REJECT-14.00-21|REVIEW-14.00-21|ACCEPT-69.00-99:TOTAL-143
REJECT-22.00-35|REVIEW-14.00-23|ACCEPT-61.00-96:TOTAL-156
REJECT-26.00-40|REVIEW-14.00-21|ACCEPT-57.00-86:TOTAL-149
REJECT-22.00-31|REVIEW-15.00-22|ACCEPT-61.00-85:TOTAL-139
REJECT-14.00-19|REVIEW-15.00-21|ACCEPT-68.00-92:TOTAL-135
REJECT-12.00-14|REVIEW-15.00-18|ACCEPT-70.00-81:TOTAL-115
REJECT-12.00-13|REVIEW-13.00-14|ACCEPT-71.00-72:TOTAL-101
REJECT-15.00-17|REVIEW-15.00-17|ACCEPT-69.00-78:TOTAL-112
REJECT-13.00-16|REVIEW-14.00-17|ACCEPT-71.00-87:TOTAL-121
REJECT-17.00-22|REVIEW-15.00-20|ACCEPT-65.00-83:TOTAL-126
REJECT-15.00-18|REVIEW-15.00-17|ACCEPT-68.00-77:TOTAL-113
REJECT-13.00-15|REVIEW-18.00-20|ACCEPT-67.00-73:TOTAL-108
REJECT-10.00-10|REVIEW-16.00-16|ACCEPT-73.00-73:TOTAL-99
REJECT-8.00-8|REVIEW-16.00-15|ACCEPT-72.00-65:TOTAL-90
REJECT-8.00-7|REVIEW-11.00-10|ACCEPT-70.00-60:TOTAL-85
REJECT-7.00-6|REVIEW-9.00-8|ACCEPT-70.00-57:TOTAL-81
REJECT-12.00-8|REVIEW-6.00-4|ACCEPT-68.00-44:TOTAL-64
REJECT-22.00-12|REVIEW-5.00-3|ACCEPT-68.00-37:TOTAL-54
REJECT-32.00-13|REVIEW-7.00-3|ACCEPT-60.00-24:TOTAL-40
REJECT-35.00-15|REVIEW-7.00-3|ACCEPT-57.00-24:TOTAL-42
REJECT-28.00-9|REVIEW-9.00-3|ACCEPT-62.00-20:TOTAL-32
REJECT-29.00-10|REVIEW-11.00-4|ACCEPT-58.00-20:TOTAL-34
REJECT-26.00-6|REVIEW-26.00-6|ACCEPT-47.00-11:TOTAL-23
REJECT-28.00-8|REVIEW-25.00-7|ACCEPT-46.00-13:TOTAL-28
REJECT-22.00-5|REVIEW-31.00-7|ACCEPT-45.00-10:TOTAL-22
REJECT-20.00-4|REVIEW-25.00-5|ACCEPT-55.00-11:TOTAL-20
REJECT-12.00-1|REVIEW-37.00-3|ACCEPT-50.00-4:TOTAL-8
REJECT-12.00-1|REVIEW-12.00-1|ACCEPT-75.00-6:TOTAL-8
REJECT-14.00-1|REVIEW-14.00-1|ACCEPT-71.00-5:TOTAL-7
REJECT-7.00-1|REVIEW-15.00-2|ACCEPT-76.00-10:TOTAL-13
REJECT-8.00-1|REVIEW-33.00-4|ACCEPT-58.00-7:TOTAL-12
REJECT-8.00-1|REVIEW-25.00-3|ACCEPT-66.00-8:TOTAL-12
REJECT-25.00-2|REVIEW-25.00-2|ACCEPT-37.00-3:TOTAL-8
REJECT-28.00-2|REVIEW-0-0|ACCEPT-57.00-4:TOTAL-7
REJECT-50.00-3|REVIEW-0-0|ACCEPT-33.00-2:TOTAL-6
REJECT-25.00-2|REVIEW-0-0|ACCEPT-75.00-6:TOTAL-8
REJECT-22.00-2|REVIEW-22.00-2|ACCEPT-55.00-5:TOTAL-9
REJECT-11.00-1|REVIEW-22.00-2|ACCEPT-66.00-6:TOTAL-9
REJECT-12.00-1|REVIEW-25.00-2|ACCEPT-62.00-5:TOTAL-8
REJECT-0-0|REVIEW-0-0|ACCEPT-100.00-5:TOTAL-5
REJECT-0-0|REVIEW-0-0|ACCEPT-100.00-5:TOTAL-5
REJECT-0-0|REVIEW-0-0|ACCEPT-100.00-2:TOTAL-2
REJECT-0-0|REVIEW-0-0|ACCEPT-100.00-1:TOTAL-1
REJECT--0|REVIEW--0|ACCEPT--0:TOTAL-
REJECT-0-0|REVIEW-0-0|ACCEPT-100.00-1:TOTAL-1
REJECT-0-0|REVIEW-0-0|ACCEPT-100.00-2:TOTAL-2
REJECT--0|REVIEW--0|ACCEPT--0:TOTAL-
REJECT-0-0|REVIEW-33.00-1|ACCEPT-66.00-2:TOTAL-3
REJECT-0-0|REVIEW-50.00-1|ACCEPT-50.00-1:TOTAL-2
REJECT-0-0|REVIEW-33.00-1|ACCEPT-66.00-2:TOTAL-3
REJECT-0-0|REVIEW-50.00-2|ACCEPT-50.00-2:TOTAL-4
REJECT-0-0|REVIEW-33.00-2|ACCEPT-66.00-4:TOTAL-6
REJECT-0-0|REVIEW-16.00-1|ACCEPT-83.00-5:TOTAL-6
REJECT-0-0|REVIEW-0-0|ACCEPT-100.00-5:TOTAL-5
REJECT-14.00-1|REVIEW-0-0|ACCEPT-85.00-6:TOTAL-7
REJECT-25.00-2|REVIEW-0-0|ACCEPT-75.00-6:TOTAL-8
REJECT-16.00-2|REVIEW-16.00-2|ACCEPT-66.00-8:TOTAL-12
REJECT-7.00-1|REVIEW-23.00-3|ACCEPT-53.00-7:TOTAL-13
REJECT-0-0|REVIEW-25.00-5|ACCEPT-65.00-13:TOTAL-20
REJECT-5.00-1|REVIEW-22.00-4|ACCEPT-61.00-11:TOTAL-18
REJECT-8.00-2|REVIEW-17.00-4|ACCEPT-73.00-17:TOTAL-23
REJECT-25.00-6|REVIEW-12.00-3|ACCEPT-62.00-15:TOTAL-24
REJECT-21.00-7|REVIEW-18.00-6|ACCEPT-59.00-19:TOTAL-32
REJECT-23.00-10|REVIEW-16.00-7|ACCEPT-59.00-25:TOTAL-42
REJECT-24.00-14|REVIEW-15.00-9|ACCEPT-60.00-35:TOTAL-58
REJECT-26.00-21|REVIEW-12.00-10|ACCEPT-60.00-47:TOTAL-78
REJECT-26.00-21|REVIEW-14.00-11|ACCEPT-58.00-46:TOTAL-78
REJECT-23.00-21|REVIEW-17.00-16|ACCEPT-57.00-52:TOTAL-90
REJECT-21.00-21|REVIEW-16.00-16|ACCEPT-60.00-58:TOTAL-96
REJECT-18.00-22|REVIEW-12.00-15|ACCEPT-68.00-80:TOTAL-117
REJECT-17.00-21|REVIEW-11.00-14|ACCEPT-70.00-85:TOTAL-120
REJECT-13.00-18|REVIEW-12.00-16|ACCEPT-74.00-98:TOTAL-132
REJECT-13.00-17|REVIEW-15.00-20|ACCEPT-69.00-88:TOTAL-126
REJECT-13.00-18|REVIEW-15.00-20|ACCEPT-70.00-91:TOTAL-129
REJECT-17.00-25|REVIEW-14.00-21|ACCEPT-67.00-96:TOTAL-142
REJECT-16.00-27|REVIEW-14.00-24|ACCEPT-68.00-113:TOTAL-165
REJECT-15.00-27|REVIEW-12.00-22|ACCEPT-71.00-121:TOTAL-170
REJECT-14.00-27|REVIEW-10.00-20|ACCEPT-74.00-135:TOTAL-182
REJECT-18.00-33|REVIEW-9.00-17|ACCEPT-72.00-133:TOTAL-183
REJECT-18.00-34|REVIEW-8.00-16|ACCEPT-72.00-132:TOTAL-182
REJECT-17.00-30|REVIEW-8.00-15|ACCEPT-73.00-126:TOTAL-171
REJECT-13.00-25|REVIEW-12.00-22|ACCEPT-73.00-133:TOTAL-182
REJECT-11.00-25|REVIEW-13.00-29|ACCEPT-73.00-157:TOTAL-213
REJECT-11.00-24|REVIEW-14.00-31|ACCEPT-72.00-152:TOTAL-209
REJECT-13.00-28|REVIEW-10.00-22|ACCEPT-75.00-153:TOTAL-203
REJECT-12.00-23|REVIEW-11.00-21|ACCEPT-75.00-136:TOTAL-180
REJECT-14.00-29|REVIEW-11.00-23|ACCEPT-74.00-155:TOTAL-207
REJECT-13.00-29|REVIEW-13.00-29|ACCEPT-73.00-158:TOTAL-216
REJECT-16.00-38|REVIEW-9.00-23|ACCEPT-73.00-170:TOTAL-231
REJECT-18.00-38|REVIEW-9.00-19|ACCEPT-72.00-154:TOTAL-211
REJECT-17.00-34|REVIEW-7.00-15|ACCEPT-75.00-150:TOTAL-199
REJECT-16.00-30|REVIEW-9.00-18|ACCEPT-73.00-134:TOTAL-183
REJECT-12.00-21|REVIEW-9.00-16|ACCEPT-78.00-136:TOTAL-174
REJECT-11.00-19|REVIEW-8.00-15|ACCEPT-80.00-136:TOTAL-170
REJECT-10.00-19|REVIEW-7.00-14|ACCEPT-82.00-151:TOTAL-184
REJECT-12.00-27|REVIEW-9.00-19|ACCEPT-77.00-163:TOTAL-209
REJECT-14.00-33|REVIEW-9.00-21|ACCEPT-75.00-167:TOTAL-222
REJECT-17.00-38|REVIEW-9.00-20|ACCEPT-73.00-163:TOTAL-221
REJECT-19.00-38|REVIEW-10.00-20|ACCEPT-70.00-139:TOTAL-197
REJECT-18.00-33|REVIEW-11.00-20|ACCEPT-70.00-125:TOTAL-178
REJECT-20.00-33|REVIEW-12.00-20|ACCEPT-67.00-111:TOTAL-164
REJECT-21.00-38|REVIEW-12.00-23|ACCEPT-65.00-117:TOTAL-178
REJECT-24.00-47|REVIEW-14.00-27|ACCEPT-61.00-118:TOTAL-192
REJECT-23.00-44|REVIEW-16.00-31|ACCEPT-60.00-116:TOTAL-191
REJECT-18.00-35|REVIEW-13.00-25|ACCEPT-67.00-127:TOTAL-187
REJECT-14.00-23|REVIEW-9.00-16|ACCEPT-75.00-122:TOTAL-162
REJECT-16.00-28|REVIEW-9.00-17|ACCEPT-72.00-127:TOTAL-174
REJECT-14.00-24|REVIEW-10.00-18|ACCEPT-73.00-122:TOTAL-165
REJECT-14.00-26|REVIEW-13.00-24|ACCEPT-72.00-132:TOTAL-182
REJECT-11.00-19|REVIEW-10.00-17|ACCEPT-77.00-126:TOTAL-162
REJECT--0|REVIEW--0|ACCEPT--0:TOTAL-
REJECT-18.00-31|REVIEW-8.00-15|ACCEPT-72.00-122:TOTAL-169
REJECT-14.00-27|REVIEW-9.00-17|ACCEPT-76.00-140:TOTAL-184
REJECT-12.00-21|REVIEW-9.00-16|ACCEPT-78.00-135:TOTAL-172
REJECT-13.00-23|REVIEW-5.00-9|ACCEPT-80.00-135:TOTAL-167
REJECT-13.00-24|REVIEW-6.00-11|ACCEPT-79.00-141:TOTAL-177
REJECT-18.00-36|REVIEW-5.00-11|ACCEPT-76.00-150:TOTAL-197
REJECT-16.00-33|REVIEW-8.00-16|ACCEPT-75.00-150:TOTAL-199
REJECT-24.00-46|REVIEW-6.00-12|ACCEPT-69.00-133:TOTAL-191
REJECT-22.00-40|REVIEW-6.00-12|ACCEPT-69.00-122:TOTAL-175
REJECT-20.00-36|REVIEW-8.00-14|ACCEPT-70.00-121:TOTAL-172
REJECT-17.00-27|REVIEW-11.00-17|ACCEPT-70.00-108:TOTAL-154
REJECT-15.00-26|REVIEW-13.00-23|ACCEPT-71.00-120:TOTAL-169
REJECT-16.00-29|REVIEW-13.00-23|ACCEPT-69.00-119:TOTAL-172
REJECT-15.00-32|REVIEW-11.00-23|ACCEPT-72.00-146:TOTAL-201
REJECT-14.00-28|REVIEW-10.00-20|ACCEPT-74.00-141:TOTAL-189
REJECT-12.00-24|REVIEW-10.00-20|ACCEPT-78.00-156:TOTAL-200
REJECT-11.00-20|REVIEW-9.00-17|ACCEPT-78.00-135:TOTAL-172
REJECT-12.00-24|REVIEW-9.00-17|ACCEPT-77.00-145:TOTAL-187
REJECT-15.00-27|REVIEW-9.00-16|ACCEPT-73.00-126:TOTAL-171
REJECT-12.00-23|REVIEW-10.00-19|ACCEPT-75.00-135:TOTAL-178
REJECT-13.00-21|REVIEW-9.00-15|ACCEPT-76.00-122:TOTAL-159
REJECT-17.00-28|REVIEW-8.00-13|ACCEPT-73.00-114:TOTAL-156
REJECT-22.00-32|REVIEW-6.00-9|ACCEPT-70.00-98:TOTAL-140
REJECT-21.00-31|REVIEW-9.00-13|ACCEPT-68.00-99:TOTAL-144
REJECT-17.00-23|REVIEW-14.00-19|ACCEPT-68.00-91:TOTAL-133
REJECT-18.00-29|REVIEW-15.00-25|ACCEPT-65.00-104:TOTAL-158
REJECT-17.00-26|REVIEW-15.00-23|ACCEPT-66.00-96:TOTAL-145
REJECT-20.00-29|REVIEW-11.00-16|ACCEPT-68.00-98:TOTAL-144
REJECT-17.00-20|REVIEW-8.00-10|ACCEPT-74.00-87:TOTAL-117
REJECT-14.00-21|REVIEW-5.00-8|ACCEPT-78.00-111:TOTAL-141
REJECT-11.00-16|REVIEW-7.00-10|ACCEPT-80.00-115:TOTAL-142
REJECT-8.00-12|REVIEW-8.00-11|ACCEPT-82.00-112:TOTAL-136
REJECT-8.00-10|REVIEW-11.00-13|ACCEPT-79.00-93:TOTAL-117
REJECT-8.00-9|REVIEW-11.00-13|ACCEPT-79.00-87:TOTAL-109
REJECT-16.00-17|REVIEW-10.00-11|ACCEPT-73.00-78:TOTAL-106
REJECT-17.00-19|REVIEW-8.00-9|ACCEPT-73.00-82:TOTAL-111
REJECT-20.00-26|REVIEW-5.00-7|ACCEPT-73.00-92:TOTAL-125
REJECT-21.00-33|REVIEW-7.00-12|ACCEPT-70.00-110:TOTAL-155
REJECT-21.00-31|REVIEW-8.00-13|ACCEPT-69.00-101:TOTAL-145
REJECT-22.00-31|REVIEW-7.00-10|ACCEPT-68.00-93:TOTAL-135
REJECT-22.00-26|REVIEW-5.00-6|ACCEPT-72.00-83:TOTAL-115
REJECT-27.00-33|REVIEW-4.00-5|ACCEPT-68.00-82:TOTAL-120
REJECT-28.00-34|REVIEW-5.00-7|ACCEPT-65.00-79:TOTAL-120
REJECT-25.00-30|REVIEW-7.00-9|ACCEPT-66.00-78:TOTAL-118
REJECT-22.00-25|REVIEW-8.00-9|ACCEPT-68.00-75:TOTAL-110
REJECT-19.00-19|REVIEW-10.00-10|ACCEPT-69.00-68:TOTAL-98
REJECT-22.00-18|REVIEW-10.00-8|ACCEPT-67.00-53:TOTAL-79
REJECT-25.00-17|REVIEW-10.00-7|ACCEPT-62.00-42:TOTAL-67
REJECT-27.00-18|REVIEW-9.00-6|ACCEPT-63.00-41:TOTAL-65
REJECT-26.00-15|REVIEW-10.00-6|ACCEPT-63.00-36:TOTAL-57
REJECT-21.00-10|REVIEW-10.00-5|ACCEPT-67.00-31:TOTAL-46
REJECT-12.00-5|REVIEW-10.00-4|ACCEPT-77.00-31:TOTAL-40
REJECT-9.00-4|REVIEW-6.00-3|ACCEPT-83.00-36:TOTAL-43
REJECT-14.00-6|REVIEW-4.00-2|ACCEPT-80.00-33:TOTAL-41
REJECT-15.00-5|REVIEW-6.00-2|ACCEPT-78.00-26:TOTAL-33
REJECT-14.00-3|REVIEW-4.00-1|ACCEPT-80.00-17:TOTAL-21
REJECT-5.00-1|REVIEW-5.00-1|ACCEPT-88.00-15:TOTAL-17
REJECT-7.00-1|REVIEW-0-0|ACCEPT-92.00-13:TOTAL-14
REJECT-17.00-3|REVIEW-0-0|ACCEPT-82.00-14:TOTAL-17
REJECT-16.00-3|REVIEW-5.00-1|ACCEPT-77.00-14:TOTAL-18
REJECT-21.00-3|REVIEW-14.00-2|ACCEPT-57.00-8:TOTAL-14
REJECT-9.00-1|REVIEW-27.00-3|ACCEPT-63.00-7:TOTAL-11
REJECT-22.00-2|REVIEW-33.00-3|ACCEPT-44.00-4:TOTAL-9
REJECT-11.00-1|REVIEW-22.00-2|ACCEPT-66.00-6:TOTAL-9
REJECT-22.00-2|REVIEW-22.00-2|ACCEPT-55.00-5:TOTAL-9
REJECT-33.00-2|REVIEW-16.00-1|ACCEPT-50.00-3:TOTAL-6
REJECT-62.00-5|REVIEW-12.00-1|ACCEPT-25.00-2:TOTAL-8
REJECT-71.00-5|REVIEW-0-0|ACCEPT-14.00-1:TOTAL-7
REJECT-75.00-6|REVIEW-0-0|ACCEPT-12.00-1:TOTAL-8
REJECT-50.00-3|REVIEW-16.00-1|ACCEPT-16.00-1:TOTAL-6
REJECT-33.00-2|REVIEW-16.00-1|ACCEPT-50.00-3:TOTAL-6
REJECT-0-0|REVIEW-25.00-1|ACCEPT-75.00-3:TOTAL-4
REJECT-0-0|REVIEW-0-0|ACCEPT-100.00-3:TOTAL-3
REJECT-0-0|REVIEW-0-0|ACCEPT-100.00-1:TOTAL-1
REJECT-50.00-1|REVIEW-0-0|ACCEPT-50.00-1:TOTAL-2
REJECT-100.00-1|REVIEW-0-0|ACCEPT-0-0:TOTAL-1
REJECT-100.00-2|REVIEW-0-0|ACCEPT-0-0:TOTAL-2
REJECT-50.00-4|REVIEW-12.00-1|ACCEPT-37.00-3:TOTAL-8
REJECT-50.00-5|REVIEW-10.00-1|ACCEPT-40.00-4:TOTAL-10
REJECT-45.00-5|REVIEW-9.00-1|ACCEPT-45.00-5:TOTAL-11
REJECT-60.00-3|REVIEW-0-0|ACCEPT-40.00-2:TOTAL-5
REJECT-42.00-3|REVIEW-14.00-1|ACCEPT-28.00-2:TOTAL-7
REJECT-33.00-2|REVIEW-16.00-1|ACCEPT-50.00-3:TOTAL-6
REJECT-33.00-2|REVIEW-16.00-1|ACCEPT-50.00-3:TOTAL-6
REJECT-33.00-1|REVIEW-0-0|ACCEPT-66.00-2:TOTAL-3
REJECT-25.00-1|REVIEW-25.00-1|ACCEPT-50.00-2:TOTAL-4
REJECT-0-0|REVIEW-33.00-2|ACCEPT-66.00-4:TOTAL-6
REJECT-22.00-2|REVIEW-22.00-2|ACCEPT-55.00-5:TOTAL-9
REJECT-20.00-2|REVIEW-10.00-1|ACCEPT-70.00-7:TOTAL-10
REJECT-20.00-2|REVIEW-0-0|ACCEPT-80.00-8:TOTAL-10
REJECT-10.00-1|REVIEW-0-0|ACCEPT-90.00-9:TOTAL-10
REJECT-8.00-1|REVIEW-0-0|ACCEPT-83.00-10:TOTAL-12
REJECT-5.00-1|REVIEW-0-0|ACCEPT-88.00-16:TOTAL-18
REJECT-4.00-1|REVIEW-13.00-3|ACCEPT-77.00-17:TOTAL-22
REJECT-15.00-4|REVIEW-19.00-5|ACCEPT-65.00-17:TOTAL-26
REJECT-15.00-4|REVIEW-26.00-7|ACCEPT-57.00-15:TOTAL-26
REJECT-12.00-4|REVIEW-19.00-6|ACCEPT-67.00-21:TOTAL-31
REJECT-8.00-4|REVIEW-15.00-7|ACCEPT-73.00-33:TOTAL-45
REJECT-7.00-4|REVIEW-16.00-9|ACCEPT-76.00-43:TOTAL-56
REJECT-6.00-4|REVIEW-19.00-12|ACCEPT-74.00-47:TOTAL-63
REJECT-5.00-3|REVIEW-22.00-13|ACCEPT-72.00-43:TOTAL-59
REJECT-8.00-6|REVIEW-19.00-14|ACCEPT-70.00-51:TOTAL-72
REJECT-13.00-12|REVIEW-12.00-11|ACCEPT-73.00-63:TOTAL-86
REJECT-16.00-19|REVIEW-8.00-10|ACCEPT-74.00-83:TOTAL-112
REJECT-18.00-22|REVIEW-7.00-9|ACCEPT-74.00-89:TOTAL-120
REJECT-16.00-24|REVIEW-7.00-11|ACCEPT-75.00-109:TOTAL-145
REJECT-15.00-23|REVIEW-10.00-15|ACCEPT-74.00-109:TOTAL-147
REJECT-16.00-26|REVIEW-11.00-17|ACCEPT-71.00-110:TOTAL-154
REJECT-20.00-30|REVIEW-13.00-19|ACCEPT-65.00-94:TOTAL-144
REJECT-22.00-32|REVIEW-11.00-16|ACCEPT-64.00-91:TOTAL-141
REJECT-20.00-31|REVIEW-12.00-18|ACCEPT-67.00-100:TOTAL-149
REJECT-15.00-23|REVIEW-13.00-20|ACCEPT-70.00-107:TOTAL-151
REJECT-12.00-20|REVIEW-12.00-20|ACCEPT-74.00-115:TOTAL-155
REJECT-12.00-20|REVIEW-14.00-22|ACCEPT-72.00-111:TOTAL-154
REJECT-16.00-30|REVIEW-10.00-19|ACCEPT-72.00-130:TOTAL-179
REJECT-17.00-34|REVIEW-12.00-25|ACCEPT-68.00-134:TOTAL-196
REJECT-14.00-29|REVIEW-13.00-27|ACCEPT-70.00-144:TOTAL-204
REJECT-12.00-24|REVIEW-12.00-25|ACCEPT-73.00-141:TOTAL-193
REJECT-10.00-20|REVIEW-9.00-18|ACCEPT-79.00-153:TOTAL-192
REJECT-10.00-21|REVIEW-6.00-13|ACCEPT-82.00-164:TOTAL-198
REJECT-12.00-23|REVIEW-8.00-15|ACCEPT-79.00-148:TOTAL-186
